#
# There is insufficient memory for the Java Runtime Environment to continue.
# Native memory allocation (malloc) failed to allocate 186656 bytes for Chunk::new
# Possible reasons:
#   The system is out of physical RAM or swap space
#   In 32 bit mode, the process size limit was hit
# Possible solutions:
#   Reduce memory load on the system
#   Increase physical memory or swap space
#   Check if swap backing store is full
#   Use 64 bit Java on a 64 bit OS
#   Decrease Java heap size (-Xmx/-Xms)
#   Decrease number of Java threads
#   Decrease Java thread stack sizes (-Xss)
#   Set larger code cache with -XX:ReservedCodeCacheSize=
# This output file may be truncated or incomplete.
#
#  Out of Memory Error (allocation.cpp:390), pid=5560, tid=6176
#
# JRE version: Java(TM) SE Runtime Environment (8.0_91-b15) (build 1.8.0_91-b15)
# Java VM: Java HotSpot(TM) 64-Bit Server VM (25.91-b15 mixed mode windows-amd64 compressed oops)
# Failed to write core dump. Minidumps are not enabled by default on client versions of Windows
#

---------------  T H R E A D  ---------------

Current thread (0x0000000056288800):  JavaThread "C2 CompilerThread1" daemon [_thread_in_native, id=6176, stack(0x00000000567f0000,0x00000000568f0000)]

Stack: [0x00000000567f0000,0x00000000568f0000]
[error occurred during error reporting (printing stack bounds), id 0xc0000005]

Native frames: (J=compiled Java code, j=interpreted, Vv=VM code, C=native code)


Current CompileTask:
C2:   6108 1130 %     4       sun.security.provider.SHA::implCompress @ 12 (491 bytes)


---------------  P R O C E S S  ---------------

Java Threads: ( => current thread )
  0x00000000562ec800 JavaThread "Service Thread" daemon [_thread_blocked, id=6232, stack(0x0000000056c20000,0x0000000056d20000)]
  0x0000000056289800 JavaThread "C1 CompilerThread2" daemon [_thread_blocked, id=6184, stack(0x0000000056b10000,0x0000000056c10000)]
=>0x0000000056288800 JavaThread "C2 CompilerThread1" daemon [_thread_in_native, id=6176, stack(0x00000000567f0000,0x00000000568f0000)]
  0x0000000056286800 JavaThread "C2 CompilerThread0" daemon [_thread_blocked, id=6168, stack(0x0000000055ec0000,0x0000000055fc0000)]
  0x0000000054d10000 JavaThread "Attach Listener" daemon [_thread_blocked, id=6164, stack(0x0000000056920000,0x0000000056a20000)]
  0x0000000054d1f000 JavaThread "Signal Dispatcher" daemon [_thread_blocked, id=6152, stack(0x00000000566e0000,0x00000000567e0000)]
  0x0000000054cf9800 JavaThread "Finalizer" daemon [_thread_blocked, id=4444, stack(0x0000000056180000,0x0000000056280000)]
  0x0000000054cb2000 JavaThread "Reference Handler" daemon [_thread_blocked, id=5648, stack(0x0000000055fc0000,0x00000000560c0000)]
  0x0000000001e58000 JavaThread "main" [_thread_in_vm, id=6108, stack(0x0000000002240000,0x0000000002340000)]

Other Threads:
  0x0000000054caa800 VMThread [stack: 0x0000000055d60000,0x0000000055e60000] [id=5608]
  0x000000005633a000 WatcherThread [stack: 0x0000000056d20000,0x0000000056e20000] [id=6236]

VM state:not at safepoint (normal execution)

VM Mutex/Monitor currently owned by a thread:  ([mutex/lock_event])
[0x0000000001fdc2f0] SignatureHandlerLibrary_lock - owner thread: 0x0000000001e58000

Heap:
 PSYoungGen      total 18944K, used 16080K [0x00000000eab00000, 0x00000000ec000000, 0x0000000100000000)
  eden space 16384K, 98% used [0x00000000eab00000,0x00000000ebab4160,0x00000000ebb00000)
  from space 2560K, 0% used [0x00000000ebd80000,0x00000000ebd80000,0x00000000ec000000)
  to   space 2560K, 0% used [0x00000000ebb00000,0x00000000ebb00000,0x00000000ebd80000)
 ParOldGen       total 44032K, used 0K [0x00000000c0000000, 0x00000000c2b00000, 0x00000000eab00000)
  object space 44032K, 0% used [0x00000000c0000000,0x00000000c0000000,0x00000000c2b00000)
 Metaspace       used 5894K, capacity 6960K, committed 7040K, reserved 1056768K
  class space    used 598K, capacity 616K, committed 640K, reserved 1048576K

Card table byte_map: [0x00000000119d0000,0x0000000011be0000] byte_map_base: 0x00000000113d0000

Marking Bits: (ParMarkBitMap*) 0x0000000068322f70
 Begin Bits: [0x0000000012120000, 0x0000000013120000)
 End Bits:   [0x0000000013120000, 0x0000000014120000)

Polling page: 0x0000000000110000

CodeCache: size=245760Kb used=4305Kb max_used=4305Kb free=241454Kb
 bounds [0x0000000002610000, 0x0000000002a50000, 0x0000000011610000]
 total_blobs=1394 nmethods=1129 adapters=178
 compilation: enabled

Compilation events (10 events):
Event: 6.087 Thread 0x0000000056289800 1129       3       sun.security.provider.ByteArrayAccess::b2iBig64 (614 bytes)
Event: 6.088 Thread 0x0000000056289800 nmethod 1129 0x0000000002a43f50 code [0x0000000002a44160, 0x0000000002a44f28]
Event: 6.088 Thread 0x0000000056289800 1116       1       java.util.HashMap$Node::getValue (5 bytes)
Event: 6.088 Thread 0x0000000056289800 nmethod 1116 0x0000000002a47110 code [0x0000000002a47260, 0x0000000002a47370]
Event: 6.088 Thread 0x0000000056289800 1120       1       sun.util.locale.BaseLocale::getLanguage (5 bytes)
Event: 6.089 Thread 0x0000000056289800 nmethod 1120 0x0000000002a3ef50 code [0x0000000002a3f0a0, 0x0000000002a3f1b0]
Event: 6.089 Thread 0x0000000056289800 1123       1       java.util.HashMap$Node::getKey (5 bytes)
Event: 6.089 Thread 0x0000000056289800 nmethod 1123 0x0000000002a49850 code [0x0000000002a499a0, 0x0000000002a49ab0]
Event: 6.089 Thread 0x0000000056289800 1121       1       java.util.LinkedHashMap::removeEldestEntry (2 bytes)
Event: 6.089 Thread 0x0000000056289800 nmethod 1121 0x0000000002a49590 code [0x0000000002a496e0, 0x0000000002a497f0]

GC Heap History (0 events):
No events

Deoptimization events (10 events):
Event: 4.385 Thread 0x0000000001e58000 Uncommon trap: reason=unstable_if action=reinterpret pc=0x0000000002a14c48 method=com.android.dx.util.ByteArrayAnnotatedOutput.writeByte(I)V @ 13
Event: 5.995 Thread 0x0000000001e58000 Uncommon trap: reason=unstable_if action=reinterpret pc=0x0000000002a4094c method=java.lang.String.indexOf([CII[CIII)I @ 3
Event: 5.997 Thread 0x0000000001e58000 Uncommon trap: reason=speculate_class_check action=maybe_recompile pc=0x00000000029dab94 method=java.util.HashMap.putVal(ILjava/lang/Object;Ljava/lang/Object;ZZ)Ljava/lang/Object; @ 56
Event: 5.997 Thread 0x0000000001e58000 Uncommon trap: reason=speculate_class_check action=maybe_recompile pc=0x00000000029dabe4 method=java.util.HashMap.putVal(ILjava/lang/Object;Ljava/lang/Object;ZZ)Ljava/lang/Object; @ 152
Event: 5.997 Thread 0x0000000001e58000 Uncommon trap: reason=speculate_class_check action=maybe_recompile pc=0x00000000029dab94 method=java.util.HashMap.putVal(ILjava/lang/Object;Ljava/lang/Object;ZZ)Ljava/lang/Object; @ 56
Event: 5.997 Thread 0x0000000001e58000 Uncommon trap: reason=speculate_class_check action=maybe_recompile pc=0x00000000029dab94 method=java.util.HashMap.putVal(ILjava/lang/Object;Ljava/lang/Object;ZZ)Ljava/lang/Object; @ 56
Event: 5.997 Thread 0x0000000001e58000 Uncommon trap: reason=class_check action=maybe_recompile pc=0x00000000029cc3e4 method=java.util.HashMap.putVal(ILjava/lang/Object;Ljava/lang/Object;ZZ)Ljava/lang/Object; @ 56
Event: 5.997 Thread 0x0000000001e58000 Uncommon trap: reason=class_check action=maybe_recompile pc=0x00000000029cc3e4 method=java.util.HashMap.putVal(ILjava/lang/Object;Ljava/lang/Object;ZZ)Ljava/lang/Object; @ 56
Event: 5.997 Thread 0x0000000001e58000 Uncommon trap: reason=class_check action=maybe_recompile pc=0x00000000029cc3e4 method=java.util.HashMap.putVal(ILjava/lang/Object;Ljava/lang/Object;ZZ)Ljava/lang/Object; @ 56
Event: 5.997 Thread 0x0000000001e58000 Uncommon trap: reason=class_check action=maybe_recompile pc=0x00000000029cc3e4 method=java.util.HashMap.putVal(ILjava/lang/Object;Ljava/lang/Object;ZZ)Ljava/lang/Object; @ 56

Internal exceptions (2 events):
Event: 0.346 Thread 0x0000000001e58000 Exception <a 'java/lang/NoSuchMethodError': Method sun.misc.Unsafe.defineClass(Ljava/lang/String;[BII)Ljava/lang/Class; name or signature does not match> (0x00000000eab07cc0) thrown at [C:\re\workspace\8-2-build-windows-amd64-cygwin\jdk8u91\7017\hotspot\sr`‘˘çp,÷?
Event: 0.346 Thread 0x0000000001e58000 Exception <a 'java/lang/NoSuchMethodError': Method sun.misc.Unsafe.prefetchRead(Ljava/lang/Object;J)V name or signature does not match> (0x00000000eab07fa8) thrown at [C:\re\workspace\8-2-build-windows-amd64-cygwin\jdk8u91\7017\hotspot\src\share\vm\prims\j

Events (10 events):
Event: 6.064 loading class sun/security/provider/SHA
Event: 6.064 loading class sun/security/provider/DigestBase
Event: 6.064 loading class sun/security/provider/DigestBase done
Event: 6.064 loading class sun/security/provider/SHA done
Event: 6.064 loading class sun/security/jca/GetInstance$Instance
Event: 6.064 loading class sun/security/jca/GetInstance$Instance done
Event: 6.064 loading class java/security/MessageDigest$Delegate
Event: 6.064 loading class java/security/MessageDigest$Delegate done
Event: 6.064 loading class sun/security/provider/ByteArrayAccess
Event: 6.064 loading class sun/security/provider/ByteArrayAccess done


Dynamic libraries:
0x000000013f2e0000 - 0x000000013f317000 	C:\Program Files\Java\jdk1.8.0_91\bin\java.exe
0x0000000077a90000 - 0x0000000077c39000 	C:\Windows\SYSTEM32\ntdll.dll
0x0000000077970000 - 0x0000000077a8f000 	C:\Windows\system32\kernel32.dll
0x000007fefdb90000 - 0x000007fefdbfb000 	C:\Windows\system32\KERNELBASE.dll
0x000007fefdd20000 - 0x000007fefddfb000 	C:\Windows\system32\ADVAPI32.dll
0x000007fefdfb0000 - 0x000007fefe04f000 	C:\Windows\system32\msvcrt.dll
0x000007feffb70000 - 0x000007feffb8f000 	C:\Windows\SYSTEM32\sechost.dll
0x000007feffa40000 - 0x000007feffb6d000 	C:\Windows\system32\RPCRT4.dll
0x0000000077870000 - 0x000000007796a000 	C:\Windows\system32\USER32.dll
0x000007fefdc00000 - 0x000007fefdc67000 	C:\Windows\system32\GDI32.dll
0x000007fefdc70000 - 0x000007fefdc7e000 	C:\Windows\system32\LPK.dll
0x000007feff2e0000 - 0x000007feff3a9000 	C:\Windows\system32\USP10.dll
0x000007fefc900000 - 0x000007fefcaf4000 	C:\Windows\WinSxS\amd64_microsoft.windows.common-controls_6595b64144ccf1df_6.0.7601.17514_none_fa396087175ac9ac\COMCTL32.dll
0x000007feff3b0000 - 0x000007feff421000 	C:\Windows\system32\SHLWAPI.dll
0x000007feff290000 - 0x000007feff2be000 	C:\Windows\system32\IMM32.DLL
0x000007fefdea0000 - 0x000007fefdfa9000 	C:\Windows\system32\MSCTF.dll
0x000000006ae00000 - 0x000000006aed2000 	C:\Program Files\Java\jdk1.8.0_91\jre\bin\msvcr100.dll
0x0000000067b10000 - 0x00000000683a3000 	C:\Program Files\Java\jdk1.8.0_91\jre\bin\server\jvm.dll
0x000007fef53d0000 - 0x000007fef53d9000 	C:\Windows\system32\WSOCK32.dll
0x000007feff9f0000 - 0x000007feffa3d000 	C:\Windows\system32\WS2_32.dll
0x000007feff710000 - 0x000007feff718000 	C:\Windows\system32\NSI.dll
0x000007fefb190000 - 0x000007fefb1cb000 	C:\Windows\system32\WINMM.dll
0x000007fefc570000 - 0x000007fefc57c000 	C:\Windows\system32\VERSION.dll
0x0000000077c50000 - 0x0000000077c57000 	C:\Windows\system32\PSAPI.DLL
0x0000000075400000 - 0x000000007540f000 	C:\Program Files\Java\jdk1.8.0_91\jre\bin\verify.dll
0x0000000074830000 - 0x0000000074859000 	C:\Program Files\Java\jdk1.8.0_91\jre\bin\java.dll
0x0000000074810000 - 0x0000000074826000 	C:\Program Files\Java\jdk1.8.0_91\jre\bin\zip.dll
0x000007fefe320000 - 0x000007feff0a8000 	C:\Windows\system32\SHELL32.dll
0x000007feffb90000 - 0x000007feffd93000 	C:\Windows\system32\ole32.dll
0x000007fefd840000 - 0x000007fefd84f000 	C:\Windows\system32\profapi.dll

VM Arguments:
jvm_args: -Djava.awt.headless=true -Xmx1024M -Dfile.encoding=windows-1256 -Duser.country=US -Duser.language=en -Duser.variant 
java_command: com.android.dx.command.Main --dex --output E:\User\AndroidStudioProjects\Movie-poster\app\build\intermediates\pre-dexed\debug\debug_88177452c3fd7e3adb585c52e31e994efb14817b.jar E:\User\AndroidStudioProjects\Movie-poster\app\build\intermediates\classes\debug
java_class_path (initial): E:\User\AppData\Local\Android\sdk\build-tools\21.1.2\lib\dx.jar
Launcher Type: SUN_STANDARD

Environment Variables:
PATH=C:\oracle\product\10.2.0\db_2\bin;C:\oracle\product\10.2.0\db_1\bin;C:\ProgramData\Oracle\Java\javapath;C:\Windows\System32;C:\Windows\SysWOW64;C:\opencv248\build\x86\vc10\bin;C:\Python27;C:\Program Files (x86)\CodeBlocks\MinGW\bin;E:\programs\Matlab\R2013a\bin;C:\Program Files\IVI Foundation\VISA\Win64\Bin\;C:\Program Files (x86)\IVI Foundation\VISA\WinNT\Bin\;C:\Program Files (x86)\IVI Foundation\VISA\WinNT\Bin;C:\Program Files (x86)\Tesseract-OCR;E:\User\AppData\Local\Android\sdk\tools\lib;E:\Program Files\Git\cmd;E:\User\AppData\Local\Android\sdk\platform-tools;C:\Program Files\Canopy\User;C:\Program Files\Canopy\User\Scripts
USERNAME=user
OS=Windows_NT
PROCESSOR_IDENTIFIER=Intel64 Family 6 Model 58 Stepping 9, GenuineIntel



---------------  S Y S T E M  ---------------

OS: Windows 7 , 64 bit Build 7601 (6.1.7601.18015)

CPU:total 4 (2 cores per cpu, 2 threads per core) family 6 model 58 stepping 9, cmov, cx8, fxsr, mmx, sse, sse2, sse3, ssse3, sse4.1, sse4.2, popcnt, avx, aes, clmul, erms, ht, tsc, tscinvbit, tscinv

Memory: 4k page, physical 4094316k(224672k free), swap 5312448k(20692k free)

vm_info: Java HotSpot(TM) 64-Bit Server VM (25.91-b15) for windows-amd64 JRE (1.8.0_91-b15), built on May 20 2016 17:43:15 by "java_re" with MS VC++ 10.0 (VS2010)

time: Mon Oct 03 18:15:27 2016
elapsed time: 6 seconds (0d 0h 0m 6s)

