#
# There is insufficient memory for the Java Runtime Environment to continue.
# Native memory allocation (malloc) failed to allocate 65552 bytes for Chunk::new
# Possible reasons:
#   The system is out of physical RAM or swap space
#   In 32 bit mode, the process size limit was hit
# Possible solutions:
#   Reduce memory load on the system
#   Increase physical memory or swap space
#   Check if swap backing store is full
#   Use 64 bit Java on a 64 bit OS
#   Decrease Java heap size (-Xmx/-Xms)
#   Decrease number of Java threads
#   Decrease Java thread stack sizes (-Xss)
#   Set larger code cache with -XX:ReservedCodeCacheSize=
# This output file may be truncated or incomplete.
#
#  Out of Memory Error (allocation.cpp:390), pid=24048, tid=23784
#
# JRE version: Java(TM) SE Runtime Environment (8.0_91-b15) (build 1.8.0_91-b15)
# Java VM: Java HotSpot(TM) 64-Bit Server VM (25.91-b15 mixed mode windows-amd64 compressed oops)
# Failed to write core dump. Minidumps are not enabled by default on client versions of Windows
#

---------------  T H R E A D  ---------------

Current thread (0x00000000562d7800):  JavaThread "C2 CompilerThread0" daemon [_thread_in_native, id=23784, stack(0x00000000569b0000,0x0000000056ab0000)]

Stack: [0x00000000569b0000,0x0000000056ab0000]
[error occurred during error reporting (printing stack bounds), id 0xc0000005]

Native frames: (J=compiled Java code, j=interpreted, Vv=VM code, C=native code)


Current CompileTask:
C2:   6231 1378       4       com.android.dx.dex.code.OutputFinisher::addConstants (93 bytes)


---------------  P R O C E S S  ---------------

Java Threads: ( => current thread )
  0x0000000056342000 JavaThread "Service Thread" daemon [_thread_blocked, id=4372, stack(0x0000000056da0000,0x0000000056ea0000)]
  0x00000000562db800 JavaThread "C1 CompilerThread2" daemon [_thread_blocked, id=19204, stack(0x0000000056c60000,0x0000000056d60000)]
  0x00000000562d9800 JavaThread "C2 CompilerThread1" daemon [_thread_in_native, id=19692, stack(0x0000000056b50000,0x0000000056c50000)]
=>0x00000000562d7800 JavaThread "C2 CompilerThread0" daemon [_thread_in_native, id=23784, stack(0x00000000569b0000,0x0000000056ab0000)]
  0x00000000562d2800 JavaThread "Attach Listener" daemon [_thread_blocked, id=24364, stack(0x0000000056890000,0x0000000056990000)]
  0x0000000054ead800 JavaThread "Signal Dispatcher" daemon [_thread_blocked, id=24180, stack(0x0000000055de0000,0x0000000055ee0000)]
  0x0000000054e99800 JavaThread "Finalizer" daemon [_thread_blocked, id=23316, stack(0x00000000561d0000,0x00000000562d0000)]
  0x0000000054e52800 JavaThread "Reference Handler" daemon [_thread_blocked, id=24304, stack(0x00000000560d0000,0x00000000561d0000)]
  0x0000000001ec8000 JavaThread "main" [_thread_in_native, id=632, stack(0x0000000002270000,0x0000000002370000)]

Other Threads:
  0x0000000054e4a800 VMThread [stack: 0x0000000055ef0000,0x0000000055ff0000] [id=18512]
  0x000000005639c000 WatcherThread [stack: 0x0000000056f60000,0x0000000057060000] [id=8836]

VM state:not at safepoint (normal execution)

VM Mutex/Monitor currently owned by a thread: None

Heap:
 PSYoungGen      total 35328K, used 2724K [0x00000000eab00000, 0x00000000ed000000, 0x0000000100000000)
  eden space 32768K, 8% used [0x00000000eab00000,0x00000000eada9318,0x00000000ecb00000)
  from space 2560K, 0% used [0x00000000ecb00000,0x00000000ecb00000,0x00000000ecd80000)
  to   space 2560K, 0% used [0x00000000ecd80000,0x00000000ecd80000,0x00000000ed000000)
 ParOldGen       total 27648K, used 6385K [0x00000000c0000000, 0x00000000c1b00000, 0x00000000eab00000)
  object space 27648K, 23% used [0x00000000c0000000,0x00000000c063c438,0x00000000c1b00000)
 Metaspace       used 6141K, capacity 7216K, committed 7296K, reserved 1058816K
  class space    used 586K, capacity 616K, committed 640K, reserved 1048576K

Card table byte_map: [0x0000000011a00000,0x0000000011c10000] byte_map_base: 0x0000000011400000

Marking Bits: (ParMarkBitMap*) 0x0000000060b12f70
 Begin Bits: [0x00000000122c0000, 0x00000000132c0000)
 End Bits:   [0x00000000132c0000, 0x00000000142c0000)

Polling page: 0x0000000000110000

CodeCache: size=245760Kb used=6196Kb max_used=6196Kb free=239563Kb
 bounds [0x0000000002640000, 0x0000000002c60000, 0x0000000011640000]
 total_blobs=1907 nmethods=1643 adapters=177
 compilation: enabled

Compilation events (10 events):
Event: 4.754 Thread 0x00000000562db800 1413       3       java.util.HashMap::getNode (148 bytes)
Event: 4.755 Thread 0x00000000562db800 nmethod 1413 0x0000000002bb2550 code [0x0000000002bb2720, 0x0000000002bb30a8]
Event: 4.755 Thread 0x00000000562db800 1414       3       com.android.dx.dex.file.TypeIdsSection::intern (62 bytes)
Event: 4.756 Thread 0x00000000562db800 nmethod 1414 0x0000000002bb4850 code [0x0000000002bb4a60, 0x0000000002bb54a8]
Event: 4.756 Thread 0x00000000562db800 1415       3       com.android.dx.dex.file.MixedItemSection::intern (39 bytes)
Event: 4.757 Thread 0x00000000562db800 nmethod 1415 0x0000000002bb3e10 code [0x0000000002bb3fc0, 0x0000000002bb4658]
Event: 4.758 Thread 0x00000000562db800 1416       3       com.android.dx.rop.cst.CstString::stringToUtf8Bytes (175 bytes)
Event: 4.758 Thread 0x00000000562db800 nmethod 1416 0x0000000002bb6f10 code [0x0000000002bb70e0, 0x0000000002bb7958]
Event: 4.759 Thread 0x00000000562db800 1417       1       com.android.dx.dex.file.IdItem::getDefiningClass (5 bytes)
Event: 4.759 Thread 0x00000000562db800 nmethod 1417 0x0000000002bb3a90 code [0x0000000002bb3be0, 0x0000000002bb3cf0]

GC Heap History (4 events):
Event: 1.488 GC heap before
{Heap before GC invocations=1 (full 0):
 PSYoungGen      total 18944K, used 16384K [0x00000000eab00000, 0x00000000ec000000, 0x0000000100000000)
  eden space 16384K, 100% used [0x00000000eab00000,0x00000000ebb00000,0x00000000ebb00000)
  from space 2560K, 0% used [0x00000000ebd80000,0x00000000ebd80000,0x00000000ec000000)
  to   space 2560K, 0% used [0x00000000ebb00000,0x00000000ebb00000,0x00000000ebd80000)
 ParOldGen       total 44032K, used 0K [0x00000000c0000000, 0x00000000c2b00000, 0x00000000eab00000)
  object space 44032K, 0% used [0x00000000c0000000,0x00000000c0000000,0x00000000c2b00000)
 Metaspace       used 5491K, capacity 6704K, committed 6784K, reserved 1056768K
  class space    used 558K, capacity 616K, committed 640K, reserved 1048576K
Event: 1.612 GC heap after
Heap after GC invocations=1 (full 0):
 PSYoungGen      total 18944K, used 2535K [0x00000000eab00000, 0x00000000ed000000, 0x0000000100000000)
  eden space 16384K, 0% used [0x00000000eab00000,0x00000000eab00000,0x00000000ebb00000)
  from space 2560K, 99% used [0x00000000ebb00000,0x00000000ebd79c88,0x00000000ebd80000)
  to   space 2560K, 0% used [0x00000000ecd80000,0x00000000ecd80000,0x00000000ed000000)
 ParOldGen       total 44032K, used 1540K [0x00000000c0000000, 0x00000000c2b00000, 0x00000000eab00000)
  object space 44032K, 3% used [0x00000000c0000000,0x00000000c01812a0,0x00000000c2b00000)
 Metaspace       used 5491K, capacity 6704K, committed 6784K, reserved 1056768K
  class space    used 558K, capacity 616K, committed 640K, reserved 1048576K
}
Event: 2.996 GC heap before
{Heap before GC invocations=2 (full 0):
 PSYoungGen      total 18944K, used 18919K [0x00000000eab00000, 0x00000000ed000000, 0x0000000100000000)
  eden space 16384K, 100% used [0x00000000eab00000,0x00000000ebb00000,0x00000000ebb00000)
  from space 2560K, 99% used [0x00000000ebb00000,0x00000000ebd79c88,0x00000000ebd80000)
  to   space 2560K, 0% used [0x00000000ecd80000,0x00000000ecd80000,0x00000000ed000000)
 ParOldGen       total 44032K, used 1540K [0x00000000c0000000, 0x00000000c2b00000, 0x00000000eab00000)
  object space 44032K, 3% used [0x00000000c0000000,0x00000000c01812a0,0x00000000c2b00000)
 Metaspace       used 5629K, capacity 6832K, committed 7040K, reserved 1056768K
  class space    used 558K, capacity 616K, committed 640K, reserved 1048576K
Event: 3.608 GC heap after
Heap after GC invocations=2 (full 0):
 PSYoungGen      total 35328K, used 2528K [0x00000000eab00000, 0x00000000ed000000, 0x0000000100000000)
  eden space 32768K, 0% used [0x00000000eab00000,0x00000000eab00000,0x00000000ecb00000)
  from space 2560K, 98% used [0x00000000ecd80000,0x00000000ecff8028,0x00000000ed000000)
  to   space 2560K, 0% used [0x00000000ecb00000,0x00000000ecb00000,0x00000000ecd80000)
 ParOldGen       total 44032K, used 2979K [0x00000000c0000000, 0x00000000c2b00000, 0x00000000eab00000)
  object space 44032K, 6% used [0x00000000c0000000,0x00000000c02e8dc8,0x00000000c2b00000)
 Metaspace       used 5629K, capacity 6832K, committed 7040K, reserved 1056768K
  class space    used 558K, capacity 616K, committed 640K, reserved 1048576K
}

Deoptimization events (10 events):
Event: 3.638 Thread 0x0000000001ec8000 Uncommon trap: reason=bimorphic action=maybe_recompile pc=0x0000000002860f04 method=java.util.HashMap.getNode(ILjava/lang/Object;)Ljava/util/HashMap$Node; @ 126
Event: 3.638 Thread 0x0000000001ec8000 Uncommon trap: reason=class_check action=maybe_recompile pc=0x00000000029b3fe4 method=java.util.HashMap.putVal(ILjava/lang/Object;Ljava/lang/Object;ZZ)Ljava/lang/Object; @ 203
Event: 3.717 Thread 0x0000000001ec8000 Uncommon trap: reason=bimorphic action=maybe_recompile pc=0x00000000029fa4bc method=com.android.dx.ssa.SCCP.setLatticeValueTo(IILcom/android/dx/rop/cst/Constant;)Z @ 43
Event: 3.717 Thread 0x0000000001ec8000 Uncommon trap: reason=bimorphic action=maybe_recompile pc=0x00000000029fa4bc method=com.android.dx.ssa.SCCP.setLatticeValueTo(IILcom/android/dx/rop/cst/Constant;)Z @ 43
Event: 4.701 Thread 0x0000000001ec8000 Uncommon trap: reason=unstable_if action=reinterpret pc=0x00000000029b3fb8 method=java.util.HashMap.putVal(ILjava/lang/Object;Ljava/lang/Object;ZZ)Ljava/lang/Object; @ 94
Event: 4.701 Thread 0x0000000001ec8000 Uncommon trap: reason=unstable_if action=reinterpret pc=0x00000000029b2ea8 method=java.util.HashMap.putVal(ILjava/lang/Object;Ljava/lang/Object;ZZ)Ljava/lang/Object; @ 94
Event: 4.736 Thread 0x0000000001ec8000 Uncommon trap: reason=bimorphic action=maybe_recompile pc=0x0000000002860f04 method=java.util.HashMap.getNode(ILjava/lang/Object;)Ljava/util/HashMap$Node; @ 126
Event: 4.754 Thread 0x0000000001ec8000 Uncommon trap: reason=bimorphic action=maybe_recompile pc=0x0000000002860f04 method=java.util.HashMap.getNode(ILjava/lang/Object;)Ljava/util/HashMap$Node; @ 126
Event: 4.754 Thread 0x0000000001ec8000 Uncommon trap: reason=bimorphic action=maybe_recompile pc=0x0000000002860f04 method=java.util.HashMap.getNode(ILjava/lang/Object;)Ljava/util/HashMap$Node; @ 126
Event: 4.754 Thread 0x0000000001ec8000 Uncommon trap: reason=bimorphic action=maybe_recompile pc=0x00000000028a0a1c method=java.util.HashMap.getNode(ILjava/lang/Object;)Ljava/util/HashMap$Node; @ 126

Internal exceptions (2 events):
Event: 0.038 Thread 0x0000000001ec8000 Exception <a 'java/lang/NoSuchMethodError': Method sun.misc.Unsafe.defineClass(Ljava/lang/String;[BII)Ljava/lang/Class; name or signature does not match> (0x00000000eab07cc0) thrown at [C:\re\workspace\8-2-build-windows-amd64-cygwin\jdk8u91\7017\hotspot\sr˜ K¶×v£?
Event: 0.038 Thread 0x0000000001ec8000 Exception <a 'java/lang/NoSuchMethodError': Method sun.misc.Unsafe.prefetchRead(Ljava/lang/Object;J)V name or signature does not match> (0x00000000eab07fa8) thrown at [C:\re\workspace\8-2-build-windows-amd64-cygwin\jdk8u91\7017\hotspot\src\share\vm\prims\j

Events (10 events):
Event: 4.754 Thread 0x0000000001ec8000 DEOPT PACKING pc=0x0000000002860f04 sp=0x000000000236f0e0
Event: 4.754 Thread 0x0000000001ec8000 DEOPT UNPACKING pc=0x000000000268582a sp=0x000000000236eff8 mode 2
Event: 4.754 Thread 0x0000000001ec8000 Uncommon trap: trap_request=0xffffffc6 fr.pc=0x0000000002860f04
Event: 4.754 Thread 0x0000000001ec8000 DEOPT PACKING pc=0x0000000002860f04 sp=0x000000000236f0e0
Event: 4.754 Thread 0x0000000001ec8000 DEOPT UNPACKING pc=0x000000000268582a sp=0x000000000236eff8 mode 2
Event: 4.754 Thread 0x0000000001ec8000 Uncommon trap: trap_request=0xffffffc6 fr.pc=0x00000000028a0a1c
Event: 4.754 Thread 0x0000000001ec8000 DEOPT PACKING pc=0x00000000028a0a1c sp=0x000000000236f070
Event: 4.754 Thread 0x0000000001ec8000 DEOPT UNPACKING pc=0x000000000268582a sp=0x000000000236eff8 mode 2
Event: 4.760 loading class com/android/dex/Leb128
Event: 4.760 loading class com/android/dex/Leb128 done


Dynamic libraries:
0x000000013fd10000 - 0x000000013fd47000 	C:\Program Files\Java\jdk1.8.0_91\bin\java.exe
0x00000000772a0000 - 0x0000000077449000 	C:\Windows\SYSTEM32\ntdll.dll
0x0000000077080000 - 0x000000007719f000 	C:\Windows\system32\kernel32.dll
0x000007fefd360000 - 0x000007fefd3cb000 	C:\Windows\system32\KERNELBASE.dll
0x000007feff2a0000 - 0x000007feff37b000 	C:\Windows\system32\ADVAPI32.dll
0x000007fefedc0000 - 0x000007fefee5f000 	C:\Windows\system32\msvcrt.dll
0x000007feff380000 - 0x000007feff39f000 	C:\Windows\SYSTEM32\sechost.dll
0x000007fefdc60000 - 0x000007fefdd8d000 	C:\Windows\system32\RPCRT4.dll
0x00000000771a0000 - 0x000000007729a000 	C:\Windows\system32\USER32.dll
0x000007fefebe0000 - 0x000007fefec47000 	C:\Windows\system32\GDI32.dll
0x000007fefd560000 - 0x000007fefd56e000 	C:\Windows\system32\LPK.dll
0x000007fefd490000 - 0x000007fefd559000 	C:\Windows\system32\USP10.dll
0x000007fefc110000 - 0x000007fefc304000 	C:\Windows\WinSxS\amd64_microsoft.windows.common-controls_6595b64144ccf1df_6.0.7601.17514_none_fa396087175ac9ac\COMCTL32.dll
0x000007fefd410000 - 0x000007fefd481000 	C:\Windows\system32\SHLWAPI.dll
0x000007fefd7f0000 - 0x000007fefd81e000 	C:\Windows\system32\IMM32.DLL
0x000007fefdb50000 - 0x000007fefdc59000 	C:\Windows\system32\MSCTF.dll
0x000000005fdf0000 - 0x000000005fec2000 	C:\Program Files\Java\jdk1.8.0_91\jre\bin\msvcr100.dll
0x0000000060300000 - 0x0000000060b93000 	C:\Program Files\Java\jdk1.8.0_91\jre\bin\server\jvm.dll
0x000007fef98c0000 - 0x000007fef98c9000 	C:\Windows\system32\WSOCK32.dll
0x000007fefee60000 - 0x000007fefeead000 	C:\Windows\system32\WS2_32.dll
0x000007fefec50000 - 0x000007fefec58000 	C:\Windows\system32\NSI.dll
0x000007fefaf40000 - 0x000007fefaf7b000 	C:\Windows\system32\WINMM.dll
0x000007fefbde0000 - 0x000007fefbdec000 	C:\Windows\system32\VERSION.dll
0x0000000077460000 - 0x0000000077467000 	C:\Windows\system32\PSAPI.DLL
0x0000000073b50000 - 0x0000000073b5f000 	C:\Program Files\Java\jdk1.8.0_91\jre\bin\verify.dll
0x000000006e6e0000 - 0x000000006e709000 	C:\Program Files\Java\jdk1.8.0_91\jre\bin\java.dll
0x0000000073ae0000 - 0x0000000073af6000 	C:\Program Files\Java\jdk1.8.0_91\jre\bin\zip.dll
0x000007fefdd90000 - 0x000007fefeb18000 	C:\Windows\system32\SHELL32.dll
0x000007feff3a0000 - 0x000007feff5a3000 	C:\Windows\system32\ole32.dll
0x000007fefd060000 - 0x000007fefd06f000 	C:\Windows\system32\profapi.dll

VM Arguments:
jvm_args: -Djava.awt.headless=true -Xmx1024M -Dfile.encoding=windows-1256 -Duser.country=US -Duser.language=en -Duser.variant 
java_command: com.android.dx.command.Main --dex --force-jumbo --output E:\User\AndroidStudioProjects\Movie-poster\app\build\intermediates\pre-dexed\debug\instant-run_788bc30efa3376c321b1969ed1e406a8bf5289c9.jar E:\User\AndroidStudioProjects\Movie-poster\app\build\intermediates\incremental-runtime-classes\debug\instant-run.jar
java_class_path (initial): E:\User\AppData\Local\Android\sdk\build-tools\21.1.2\lib\dx.jar
Launcher Type: SUN_STANDARD

Environment Variables:
PATH=C:\oracle\product\10.2.0\db_2\bin;C:\oracle\product\10.2.0\db_1\bin;C:\ProgramData\Oracle\Java\javapath;C:\Windows\System32;C:\Windows\SysWOW64;C:\opencv248\build\x86\vc10\bin;C:\Python27;C:\Program Files (x86)\CodeBlocks\MinGW\bin;E:\programs\Matlab\R2013a\bin;C:\Program Files\IVI Foundation\VISA\Win64\Bin\;C:\Program Files (x86)\IVI Foundation\VISA\WinNT\Bin\;C:\Program Files (x86)\IVI Foundation\VISA\WinNT\Bin;C:\Program Files (x86)\Tesseract-OCR;E:\User\AppData\Local\Android\sdk\tools\lib;E:\Program Files\Git\cmd;E:\User\AppData\Local\Android\sdk\platform-tools;C:\Program Files\Canopy\User;C:\Program Files\Canopy\User\Scripts
USERNAME=user
OS=Windows_NT
PROCESSOR_IDENTIFIER=Intel64 Family 6 Model 58 Stepping 9, GenuineIntel



---------------  S Y S T E M  ---------------

OS: Windows 7 , 64 bit Build 7601 (6.1.7601.18015)

CPU:total 4 (2 cores per cpu, 2 threads per core) family 6 model 58 stepping 9, cmov, cx8, fxsr, mmx, sse, sse2, sse3, ssse3, sse4.1, sse4.2, popcnt, avx, aes, clmul, erms, ht, tsc, tscinvbit, tscinv

Memory: 4k page, physical 4094316k(109684k free), swap 5628452k(10432k free)

vm_info: Java HotSpot(TM) 64-Bit Server VM (25.91-b15) for windows-amd64 JRE (1.8.0_91-b15), built on May 20 2016 17:43:15 by "java_re" with MS VC++ 10.0 (VS2010)

time: Mon Oct 03 04:55:45 2016
elapsed time: 7 seconds (0d 0h 0m 7s)

