#
# There is insufficient memory for the Java Runtime Environment to continue.
# Native memory allocation (malloc) failed to allocate 67536 bytes for Chunk::new
# Possible reasons:
#   The system is out of physical RAM or swap space
#   In 32 bit mode, the process size limit was hit
# Possible solutions:
#   Reduce memory load on the system
#   Increase physical memory or swap space
#   Check if swap backing store is full
#   Use 64 bit Java on a 64 bit OS
#   Decrease Java heap size (-Xmx/-Xms)
#   Decrease number of Java threads
#   Decrease Java thread stack sizes (-Xss)
#   Set larger code cache with -XX:ReservedCodeCacheSize=
# This output file may be truncated or incomplete.
#
#  Out of Memory Error (allocation.cpp:390), pid=23220, tid=21132
#
# JRE version: Java(TM) SE Runtime Environment (8.0_91-b15) (build 1.8.0_91-b15)
# Java VM: Java HotSpot(TM) 64-Bit Server VM (25.91-b15 mixed mode windows-amd64 compressed oops)
# Failed to write core dump. Minidumps are not enabled by default on client versions of Windows
#

---------------  T H R E A D  ---------------

Current thread (0x0000000056267800):  JavaThread "C2 CompilerThread0" daemon [_thread_in_native, id=21132, stack(0x0000000056050000,0x0000000056150000)]

Stack: [0x0000000056050000,0x0000000056150000]
[error occurred during error reporting (printing stack bounds), id 0xc0000005]

Native frames: (J=compiled Java code, j=interpreted, Vv=VM code, C=native code)


Current CompileTask:
C2:   6232 1483       4       com.android.dx.ssa.BasicRegisterMapper::addMapping (68 bytes)


---------------  P R O C E S S  ---------------

Java Threads: ( => current thread )
  0x00000000562f6000 JavaThread "Service Thread" daemon [_thread_blocked, id=23608, stack(0x0000000056e80000,0x0000000056f80000)]
  0x0000000056273800 JavaThread "C1 CompilerThread2" daemon [_thread_blocked, id=23476, stack(0x0000000056cf0000,0x0000000056df0000)]
  0x000000005626a000 JavaThread "C2 CompilerThread1" daemon [_thread_in_native, id=6728, stack(0x0000000056bb0000,0x0000000056cb0000)]
=>0x0000000056267800 JavaThread "C2 CompilerThread0" daemon [_thread_in_native, id=21132, stack(0x0000000056050000,0x0000000056150000)]
  0x0000000056262800 JavaThread "Attach Listener" daemon [_thread_blocked, id=18652, stack(0x0000000056940000,0x0000000056a40000)]
  0x0000000054fcd800 JavaThread "Signal Dispatcher" daemon [_thread_blocked, id=22960, stack(0x0000000056740000,0x0000000056840000)]
  0x0000000054fb9800 JavaThread "Finalizer" daemon [_thread_blocked, id=23188, stack(0x0000000055db0000,0x0000000055eb0000)]
  0x0000000054f72000 JavaThread "Reference Handler" daemon [_thread_blocked, id=23740, stack(0x0000000056160000,0x0000000056260000)]
  0x0000000001de8000 JavaThread "main" [_thread_in_Java, id=23048, stack(0x0000000002200000,0x0000000002300000)]

Other Threads:
  0x0000000054f6a800 VMThread [stack: 0x0000000055f50000,0x0000000056050000] [id=24296]
  0x0000000056326800 WatcherThread [stack: 0x0000000057030000,0x0000000057130000] [id=23140]

VM state:not at safepoint (normal execution)

VM Mutex/Monitor currently owned by a thread: None

Heap:
 PSYoungGen      total 35328K, used 26124K [0x00000000eab00000, 0x00000000ed000000, 0x0000000100000000)
  eden space 32768K, 71% used [0x00000000eab00000,0x00000000ec209778,0x00000000ecb00000)
  from space 2560K, 99% used [0x00000000ecd80000,0x00000000ecff9c00,0x00000000ed000000)
  to   space 2560K, 0% used [0x00000000ecb00000,0x00000000ecb00000,0x00000000ecd80000)
 ParOldGen       total 44032K, used 34528K [0x00000000c0000000, 0x00000000c2b00000, 0x00000000eab00000)
  object space 44032K, 78% used [0x00000000c0000000,0x00000000c21b8130,0x00000000c2b00000)
 Metaspace       used 6149K, capacity 7152K, committed 7296K, reserved 1056768K
  class space    used 586K, capacity 616K, committed 640K, reserved 1048576K

Card table byte_map: [0x0000000011990000,0x0000000011ba0000] byte_map_base: 0x0000000011390000

Marking Bits: (ParMarkBitMap*) 0x0000000060b12f70
 Begin Bits: [0x00000000123e0000, 0x00000000133e0000)
 End Bits:   [0x00000000133e0000, 0x00000000143e0000)

Polling page: 0x0000000000110000

CodeCache: size=245760Kb used=7031Kb max_used=7031Kb free=238728Kb
 bounds [0x00000000025d0000, 0x0000000002cc0000, 0x00000000115d0000]
 total_blobs=1987 nmethods=1723 adapters=176
 compilation: enabled

Compilation events (10 events):
Event: 3.285 Thread 0x0000000056267800 1413       4       com.android.dx.ssa.LiteralOpUpgrader::tryReplacingWithConstant (161 bytes)
Event: 3.363 Thread 0x0000000056267800 nmethod 1413 0x0000000002bfb010 code [0x0000000002bfb2a0, 0x0000000002bfc718]
Event: 3.558 Thread 0x0000000056273800 1481   !   3       sun.reflect.generics.parser.SignatureParser::current (40 bytes)
Event: 3.558 Thread 0x0000000056273800 nmethod 1481 0x0000000002bdbed0 code [0x0000000002bdc040, 0x0000000002bdc1f0]
Event: 3.595 Thread 0x000000005626a000 nmethod 1461 0x0000000002c03c90 code [0x0000000002c04060, 0x0000000002c07d40]
Event: 4.523 Thread 0x0000000056267800 1482       4       java.lang.CharacterData::of (120 bytes)
Event: 4.523 Thread 0x0000000056267800 nmethod 1482 0x0000000002b7b650 code [0x0000000002b7b780, 0x0000000002b7b7f8]
Event: 4.762 Thread 0x0000000056267800 1483       4       com.android.dx.ssa.BasicRegisterMapper::addMapping (68 bytes)
Event: 4.763 Thread 0x0000000056273800 1484       3       java.util.HashMap::getNode (148 bytes)
Event: 4.764 Thread 0x0000000056273800 nmethod 1484 0x0000000002be2e10 code [0x0000000002be3000, 0x0000000002be3c48]

GC Heap History (4 events):
Event: 1.450 GC heap before
{Heap before GC invocations=1 (full 0):
 PSYoungGen      total 18944K, used 16384K [0x00000000eab00000, 0x00000000ec000000, 0x0000000100000000)
  eden space 16384K, 100% used [0x00000000eab00000,0x00000000ebb00000,0x00000000ebb00000)
  from space 2560K, 0% used [0x00000000ebd80000,0x00000000ebd80000,0x00000000ec000000)
  to   space 2560K, 0% used [0x00000000ebb00000,0x00000000ebb00000,0x00000000ebd80000)
 ParOldGen       total 44032K, used 0K [0x00000000c0000000, 0x00000000c2b00000, 0x00000000eab00000)
  object space 44032K, 0% used [0x00000000c0000000,0x00000000c0000000,0x00000000c2b00000)
 Metaspace       used 5584K, capacity 6768K, committed 7040K, reserved 1056768K
  class space    used 559K, capacity 616K, committed 640K, reserved 1048576K
Event: 1.630 GC heap after
Heap after GC invocations=1 (full 0):
 PSYoungGen      total 18944K, used 2554K [0x00000000eab00000, 0x00000000ed000000, 0x0000000100000000)
  eden space 16384K, 0% used [0x00000000eab00000,0x00000000eab00000,0x00000000ebb00000)
  from space 2560K, 99% used [0x00000000ebb00000,0x00000000ebd7eab8,0x00000000ebd80000)
  to   space 2560K, 0% used [0x00000000ecd80000,0x00000000ecd80000,0x00000000ed000000)
 ParOldGen       total 44032K, used 1753K [0x00000000c0000000, 0x00000000c2b00000, 0x00000000eab00000)
  object space 44032K, 3% used [0x00000000c0000000,0x00000000c01b67c8,0x00000000c2b00000)
 Metaspace       used 5584K, capacity 6768K, committed 7040K, reserved 1056768K
  class space    used 559K, capacity 616K, committed 640K, reserved 1048576K
}
Event: 2.359 GC heap before
{Heap before GC invocations=2 (full 0):
 PSYoungGen      total 18944K, used 18938K [0x00000000eab00000, 0x00000000ed000000, 0x0000000100000000)
  eden space 16384K, 100% used [0x00000000eab00000,0x00000000ebb00000,0x00000000ebb00000)
  from space 2560K, 99% used [0x00000000ebb00000,0x00000000ebd7eab8,0x00000000ebd80000)
  to   space 2560K, 0% used [0x00000000ecd80000,0x00000000ecd80000,0x00000000ed000000)
 ParOldGen       total 44032K, used 1753K [0x00000000c0000000, 0x00000000c2b00000, 0x00000000eab00000)
  object space 44032K, 3% used [0x00000000c0000000,0x00000000c01b67c8,0x00000000c2b00000)
 Metaspace       used 5883K, capacity 7024K, committed 7296K, reserved 1056768K
  class space    used 563K, capacity 616K, committed 640K, reserved 1048576K
Event: 2.655 GC heap after
Heap after GC invocations=2 (full 0):
 PSYoungGen      total 35328K, used 2528K [0x00000000eab00000, 0x00000000ed000000, 0x0000000100000000)
  eden space 32768K, 0% used [0x00000000eab00000,0x00000000eab00000,0x00000000ecb00000)
  from space 2560K, 98% used [0x00000000ecd80000,0x00000000ecff8048,0x00000000ed000000)
  to   space 2560K, 0% used [0x00000000ecb00000,0x00000000ecb00000,0x00000000ecd80000)
 ParOldGen       total 44032K, used 4099K [0x00000000c0000000, 0x00000000c2b00000, 0x00000000eab00000)
  object space 44032K, 9% used [0x00000000c0000000,0x00000000c0400f10,0x00000000c2b00000)
 Metaspace       used 5883K, capacity 7024K, committed 7296K, reserved 1056768K
  class space    used 563K, capacity 616K, committed 640K, reserved 1048576K
}

Deoptimization events (10 events):
Event: 2.356 Thread 0x0000000001de8000 Uncommon trap: reason=bimorphic action=maybe_recompile pc=0x00000000029bea1c method=java.util.HashMap.getNode(ILjava/lang/Object;)Ljava/util/HashMap$Node; @ 126
Event: 2.356 Thread 0x0000000001de8000 Uncommon trap: reason=bimorphic action=maybe_recompile pc=0x00000000029bea1c method=java.util.HashMap.getNode(ILjava/lang/Object;)Ljava/util/HashMap$Node; @ 126
Event: 2.356 Thread 0x0000000001de8000 Uncommon trap: reason=bimorphic action=maybe_recompile pc=0x00000000029bea1c method=java.util.HashMap.getNode(ILjava/lang/Object;)Ljava/util/HashMap$Node; @ 126
Event: 2.680 Thread 0x0000000001de8000 Uncommon trap: reason=class_check action=maybe_recompile pc=0x0000000002a7135c method=com.android.dx.rop.type.Type.equals(Ljava/lang/Object;)Z @ 8
Event: 2.681 Thread 0x0000000001de8000 Uncommon trap: reason=class_check action=maybe_recompile pc=0x0000000002a7135c method=com.android.dx.rop.type.Type.equals(Ljava/lang/Object;)Z @ 8
Event: 2.681 Thread 0x0000000001de8000 Uncommon trap: reason=class_check action=maybe_recompile pc=0x0000000002a7135c method=com.android.dx.rop.type.Type.equals(Ljava/lang/Object;)Z @ 8
Event: 2.681 Thread 0x0000000001de8000 Uncommon trap: reason=class_check action=maybe_recompile pc=0x00000000028ed6f4 method=com.android.dx.rop.type.Type.equals(Ljava/lang/Object;)Z @ 8
Event: 2.682 Thread 0x0000000001de8000 Uncommon trap: reason=unstable_if action=reinterpret pc=0x0000000002ac7fa8 method=com.android.dx.cf.code.Ropper.labelToResultIndex(I)I @ 34
Event: 2.915 Thread 0x0000000001de8000 Uncommon trap: reason=unstable_if action=reinterpret pc=0x00000000028f9a40 method=java.util.HashMap.putVal(ILjava/lang/Object;Ljava/lang/Object;ZZ)Ljava/lang/Object; @ 162
Event: 4.762 Thread 0x0000000001de8000 Uncommon trap: reason=unstable_if action=reinterpret pc=0x0000000002b612c0 method=java.util.HashMap.getNode(ILjava/lang/Object;)Ljava/util/HashMap$Node; @ 84

Internal exceptions (6 events):
Event: 0.039 Thread 0x0000000001de8000 Exception <a 'java/lang/NoSuchMethodError': Method sun.misc.Unsafe.defineClass(Ljava/lang/String;[BII)Ljava/lang/Class; name or signature does not match> (0x00000000eab07cc0) thrown at [C:\re\workspace\8-2-build-windows-amd64-cygwin\jdk8u91\7017\hotspot\srwŸ˜»iÈ£?
Event: 0.039 Thread 0x0000000001de8000 Exception <a 'java/lang/NoSuchMethodError': Method sun.misc.Unsafe.prefetchRead(Ljava/lang/Object;J)V name or signature does not match> (0x00000000eab07fa8) thrown at [C:\re\workspace\8-2-build-windows-amd64-cygwin\jdk8u91\7017\hotspot\src\share\vm\prims\jc?›DÈ@
Event: 2.348 Thread 0x0000000001de8000 Implicit null exception at 0x0000000002acd952 to 0x0000000002acda51
Event: 3.557 Thread 0x0000000001de8000 Exception <a 'java/lang/ArrayIndexOutOfBoundsException': 18> (0x00000000eb94bc48) thrown at [C:\re\workspace\8-2-build-windows-amd64-cygwin\jdk8u91\7017\hotspot\src\share\vm\interpreter\interpreterRuntime.cpp, line 366]
Event: 3.558 Thread 0x0000000001de8000 Exception <a 'java/lang/ArrayIndexOutOfBoundsException'> (0x00000000eb94d7c8) thrown at [C:\re\workspace\8-2-build-windows-amd64-cygwin\jdk8u91\7017\hotspot\src\share\vm\runtime\sharedRuntime.cpp, line 605]
Event: 4.523 Thread 0x0000000001de8000 Exception <a 'java/lang/ArrayIndexOutOfBoundsException'> (0x00000000eb94eab0) thrown at [C:\re\workspace\8-2-build-windows-amd64-cygwin\jdk8u91\7017\hotspot\src\share\vm\runtime\sharedRuntime.cpp, line 605]

Events (10 events):
Event: 4.522 loading class sun/reflect/generics/reflectiveObjects/ParameterizedTypeImpl done
Event: 4.523 loading class java/lang/reflect/TypeVariable
Event: 4.761 loading class java/lang/reflect/TypeVariable done
Event: 4.761 loading class sun/reflect/generics/reflectiveObjects/TypeVariableImpl
Event: 4.762 loading class sun/reflect/generics/reflectiveObjects/LazyReflectiveObjectGenerator
Event: 4.762 loading class sun/reflect/generics/reflectiveObjects/LazyReflectiveObjectGenerator done
Event: 4.762 loading class sun/reflect/generics/reflectiveObjects/TypeVariableImpl done
Event: 4.762 Thread 0x0000000001de8000 Uncommon trap: trap_request=0xffffff65 fr.pc=0x0000000002b612c0
Event: 4.762 Thread 0x0000000001de8000 DEOPT PACKING pc=0x0000000002b612c0 sp=0x00000000022fe640
Event: 4.762 Thread 0x0000000001de8000 DEOPT UNPACKING pc=0x000000000261582a sp=0x00000000022fe5b8 mode 2


Dynamic libraries:
0x000000013fd10000 - 0x000000013fd47000 	C:\Program Files\Java\jdk1.8.0_91\bin\java.exe
0x00000000772a0000 - 0x0000000077449000 	C:\Windows\SYSTEM32\ntdll.dll
0x0000000077080000 - 0x000000007719f000 	C:\Windows\system32\kernel32.dll
0x000007fefd360000 - 0x000007fefd3cb000 	C:\Windows\system32\KERNELBASE.dll
0x000007feff2a0000 - 0x000007feff37b000 	C:\Windows\system32\ADVAPI32.dll
0x000007fefedc0000 - 0x000007fefee5f000 	C:\Windows\system32\msvcrt.dll
0x000007feff380000 - 0x000007feff39f000 	C:\Windows\SYSTEM32\sechost.dll
0x000007fefdc60000 - 0x000007fefdd8d000 	C:\Windows\system32\RPCRT4.dll
0x00000000771a0000 - 0x000000007729a000 	C:\Windows\system32\USER32.dll
0x000007fefebe0000 - 0x000007fefec47000 	C:\Windows\system32\GDI32.dll
0x000007fefd560000 - 0x000007fefd56e000 	C:\Windows\system32\LPK.dll
0x000007fefd490000 - 0x000007fefd559000 	C:\Windows\system32\USP10.dll
0x000007fefc110000 - 0x000007fefc304000 	C:\Windows\WinSxS\amd64_microsoft.windows.common-controls_6595b64144ccf1df_6.0.7601.17514_none_fa396087175ac9ac\COMCTL32.dll
0x000007fefd410000 - 0x000007fefd481000 	C:\Windows\system32\SHLWAPI.dll
0x000007fefd7f0000 - 0x000007fefd81e000 	C:\Windows\system32\IMM32.DLL
0x000007fefdb50000 - 0x000007fefdc59000 	C:\Windows\system32\MSCTF.dll
0x000000005fdf0000 - 0x000000005fec2000 	C:\Program Files\Java\jdk1.8.0_91\jre\bin\msvcr100.dll
0x0000000060300000 - 0x0000000060b93000 	C:\Program Files\Java\jdk1.8.0_91\jre\bin\server\jvm.dll
0x000007fef98c0000 - 0x000007fef98c9000 	C:\Windows\system32\WSOCK32.dll
0x000007fefee60000 - 0x000007fefeead000 	C:\Windows\system32\WS2_32.dll
0x000007fefec50000 - 0x000007fefec58000 	C:\Windows\system32\NSI.dll
0x000007fefaf40000 - 0x000007fefaf7b000 	C:\Windows\system32\WINMM.dll
0x000007fefbde0000 - 0x000007fefbdec000 	C:\Windows\system32\VERSION.dll
0x0000000077460000 - 0x0000000077467000 	C:\Windows\system32\PSAPI.DLL
0x0000000073b50000 - 0x0000000073b5f000 	C:\Program Files\Java\jdk1.8.0_91\jre\bin\verify.dll
0x000000006e6e0000 - 0x000000006e709000 	C:\Program Files\Java\jdk1.8.0_91\jre\bin\java.dll
0x0000000073ae0000 - 0x0000000073af6000 	C:\Program Files\Java\jdk1.8.0_91\jre\bin\zip.dll
0x000007fefdd90000 - 0x000007fefeb18000 	C:\Windows\system32\SHELL32.dll
0x000007feff3a0000 - 0x000007feff5a3000 	C:\Windows\system32\ole32.dll
0x000007fefd060000 - 0x000007fefd06f000 	C:\Windows\system32\profapi.dll

VM Arguments:
jvm_args: -Djava.awt.headless=true -Xmx1024M -Dfile.encoding=windows-1256 -Duser.country=US -Duser.language=en -Duser.variant 
java_command: com.android.dx.command.Main --dex --force-jumbo --output E:\User\AndroidStudioProjects\Movie-poster\app\build\intermediates\pre-dexed\debug\com.android.support-support-v4-21.0.3_d51487bed93c2a202676532ad3e39bd22c4e1002.jar E:\User\AndroidStudioProjects\Movie-poster\app\build\intermediates\exploded-aar\com.android.support\support-v4\21.0.3\jars\classes.jar
java_class_path (initial): E:\User\AppData\Local\Android\sdk\build-tools\21.1.2\lib\dx.jar
Launcher Type: SUN_STANDARD

Environment Variables:
PATH=C:\oracle\product\10.2.0\db_2\bin;C:\oracle\product\10.2.0\db_1\bin;C:\ProgramData\Oracle\Java\javapath;C:\Windows\System32;C:\Windows\SysWOW64;C:\opencv248\build\x86\vc10\bin;C:\Python27;C:\Program Files (x86)\CodeBlocks\MinGW\bin;E:\programs\Matlab\R2013a\bin;C:\Program Files\IVI Foundation\VISA\Win64\Bin\;C:\Program Files (x86)\IVI Foundation\VISA\WinNT\Bin\;C:\Program Files (x86)\IVI Foundation\VISA\WinNT\Bin;C:\Program Files (x86)\Tesseract-OCR;E:\User\AppData\Local\Android\sdk\tools\lib;E:\Program Files\Git\cmd;E:\User\AppData\Local\Android\sdk\platform-tools;C:\Program Files\Canopy\User;C:\Program Files\Canopy\User\Scripts
USERNAME=user
OS=Windows_NT
PROCESSOR_IDENTIFIER=Intel64 Family 6 Model 58 Stepping 9, GenuineIntel



---------------  S Y S T E M  ---------------

OS: Windows 7 , 64 bit Build 7601 (6.1.7601.18015)

CPU:total 4 (2 cores per cpu, 2 threads per core) family 6 model 58 stepping 9, cmov, cx8, fxsr, mmx, sse, sse2, sse3, ssse3, sse4.1, sse4.2, popcnt, avx, aes, clmul, erms, ht, tsc, tscinvbit, tscinv

Memory: 4k page, physical 4094316k(109700k free), swap 5628452k(10432k free)

vm_info: Java HotSpot(TM) 64-Bit Server VM (25.91-b15) for windows-amd64 JRE (1.8.0_91-b15), built on May 20 2016 17:43:15 by "java_re" with MS VC++ 10.0 (VS2010)

time: Mon Oct 03 04:55:45 2016
elapsed time: 7 seconds (0d 0h 0m 7s)

