#
# There is insufficient memory for the Java Runtime Environment to continue.
# Native memory allocation (malloc) failed to allocate 342736 bytes for Chunk::new
# Possible reasons:
#   The system is out of physical RAM or swap space
#   In 32 bit mode, the process size limit was hit
# Possible solutions:
#   Reduce memory load on the system
#   Increase physical memory or swap space
#   Check if swap backing store is full
#   Use 64 bit Java on a 64 bit OS
#   Decrease Java heap size (-Xmx/-Xms)
#   Decrease number of Java threads
#   Decrease Java thread stack sizes (-Xss)
#   Set larger code cache with -XX:ReservedCodeCacheSize=
# This output file may be truncated or incomplete.
#
#  Out of Memory Error (allocation.cpp:390), pid=24184, tid=24092
#
# JRE version: Java(TM) SE Runtime Environment (8.0_91-b15) (build 1.8.0_91-b15)
# Java VM: Java HotSpot(TM) 64-Bit Server VM (25.91-b15 mixed mode windows-amd64 compressed oops)
# Failed to write core dump. Minidumps are not enabled by default on client versions of Windows
#

---------------  T H R E A D  ---------------

Current thread (0x0000000055fde000):  JavaThread "C2 CompilerThread1" daemon [_thread_in_native, id=24092, stack(0x0000000056af0000,0x0000000056bf0000)]

Stack: [0x0000000056af0000,0x0000000056bf0000]
[error occurred during error reporting (printing stack bounds), id 0xc0000005]

Native frames: (J=compiled Java code, j=interpreted, Vv=VM code, C=native code)


Current CompileTask:
C2:   1982  829   !   4       com.android.dx.rop.code.RegisterSpec::intern (70 bytes)


---------------  P R O C E S S  ---------------

Java Threads: ( => current thread )
  0x000000005605c000 JavaThread "Service Thread" daemon [_thread_blocked, id=24216, stack(0x0000000056e20000,0x0000000056f20000)]
  0x0000000055fdf000 JavaThread "C1 CompilerThread2" daemon [_thread_blocked, id=23488, stack(0x0000000056ca0000,0x0000000056da0000)]
=>0x0000000055fde000 JavaThread "C2 CompilerThread1" daemon [_thread_in_native, id=24092, stack(0x0000000056af0000,0x0000000056bf0000)]
  0x0000000055fdc800 JavaThread "C2 CompilerThread0" daemon [_thread_blocked, id=24284, stack(0x0000000056810000,0x0000000056910000)]
  0x0000000054d93800 JavaThread "Attach Listener" daemon [_thread_blocked, id=24128, stack(0x0000000056640000,0x0000000056740000)]
  0x0000000055fe4000 JavaThread "Signal Dispatcher" daemon [_thread_blocked, id=23616, stack(0x0000000056490000,0x0000000056590000)]
  0x0000000054d7b800 JavaThread "Finalizer" daemon [_thread_blocked, id=24488, stack(0x0000000055da0000,0x0000000055ea0000)]
  0x0000000054d32000 JavaThread "Reference Handler" daemon [_thread_blocked, id=23384, stack(0x0000000011fa0000,0x00000000120a0000)]
  0x0000000001ea8000 JavaThread "main" [_thread_in_Java, id=22708, stack(0x0000000002200000,0x0000000002300000)]

Other Threads:
  0x0000000054d2a800 VMThread [stack: 0x0000000055ed0000,0x0000000055fd0000] [id=22740]
  0x000000005609b000 WatcherThread [stack: 0x0000000056f80000,0x0000000057080000] [id=5560]

VM state:not at safepoint (normal execution)

VM Mutex/Monitor currently owned by a thread: None

Heap:
 PSYoungGen      total 18944K, used 12491K [0x00000000eab00000, 0x00000000ec000000, 0x0000000100000000)
  eden space 16384K, 76% used [0x00000000eab00000,0x00000000eb732e88,0x00000000ebb00000)
  from space 2560K, 0% used [0x00000000ebd80000,0x00000000ebd80000,0x00000000ec000000)
  to   space 2560K, 0% used [0x00000000ebb00000,0x00000000ebb00000,0x00000000ebd80000)
 ParOldGen       total 44032K, used 0K [0x00000000c0000000, 0x00000000c2b00000, 0x00000000eab00000)
  object space 44032K, 0% used [0x00000000c0000000,0x00000000c0000000,0x00000000c2b00000)
 Metaspace       used 5414K, capacity 6640K, committed 6784K, reserved 1058816K
  class space    used 555K, capacity 616K, committed 640K, reserved 1048576K

Card table byte_map: [0x0000000011990000,0x0000000011ba0000] byte_map_base: 0x0000000011390000

Marking Bits: (ParMarkBitMap*) 0x0000000060b12f70
 Begin Bits: [0x00000000121a0000, 0x00000000131a0000)
 End Bits:   [0x00000000131a0000, 0x00000000141a0000)

Polling page: 0x0000000000110000

CodeCache: size=245760Kb used=3398Kb max_used=3407Kb free=242361Kb
 bounds [0x00000000025d0000, 0x0000000002930000, 0x00000000115d0000]
 total_blobs=1102 nmethods=839 adapters=176
 compilation: enabled

Compilation events (10 events):
Event: 1.976 Thread 0x0000000055fdf000 nmethod 837 0x0000000002923ed0 code [0x0000000002924060, 0x0000000002924528]
Event: 1.976 Thread 0x0000000055fdc800 nmethod 832 0x0000000002924750 code [0x00000000029248a0, 0x0000000002924b78]
Event: 1.976 Thread 0x0000000055fdc800  836       4       com.android.dx.util.BitIntSet::ensureCapacity (51 bytes)
Event: 1.976 Thread 0x0000000055fdf000  838       3       com.android.dx.dex.code.CstInsn::<init> (39 bytes)
Event: 1.977 Thread 0x0000000055fdf000 nmethod 838 0x00000000029238d0 code [0x0000000002923a60, 0x0000000002923d78]
Event: 1.978 Thread 0x0000000055fdf000  839       1       com.android.dx.rop.annotation.Annotation::getType (5 bytes)
Event: 1.978 Thread 0x0000000055fdf000 nmethod 839 0x0000000002913c90 code [0x0000000002913de0, 0x0000000002913ef0]
Event: 1.978 Thread 0x0000000055fdc800 nmethod 836 0x0000000002921f90 code [0x00000000029220e0, 0x0000000002922298]
Event: 1.980 Thread 0x0000000055fdf000  840       3       com.android.dx.rop.code.PlainCstInsn::withNewRegisters (22 bytes)
Event: 1.980 Thread 0x0000000055fdf000 nmethod 840 0x0000000002921350 code [0x0000000002921500, 0x0000000002921c28]

GC Heap History (0 events):
No events

Deoptimization events (2 events):
Event: 1.908 Thread 0x0000000001ea8000 Uncommon trap: reason=unstable_if action=reinterpret pc=0x00000000027a48ec method=java.util.HashMap.getNode(ILjava/lang/Object;)Ljava/util/HashMap$Node; @ 62
Event: 1.910 Thread 0x0000000001ea8000 Uncommon trap: reason=unstable_if action=reinterpret pc=0x00000000027c4220 method=java.util.BitSet.nextSetBit(I)I @ 87

Internal exceptions (2 events):
Event: 0.108 Thread 0x0000000001ea8000 Exception <a 'java/lang/NoSuchMethodError': Method sun.misc.Unsafe.defineClass(Ljava/lang/String;[BII)Ljava/lang/Class; name or signature does not match> (0x00000000eab07cc0) thrown at [C:\re\workspace\8-2-build-windows-amd64-cygwin\jdk8u91\7017\hotspot\sryﬁ†ª?
Event: 0.108 Thread 0x0000000001ea8000 Exception <a 'java/lang/NoSuchMethodError': Method sun.misc.Unsafe.prefetchRead(Ljava/lang/Object;J)V name or signature does not match> (0x00000000eab07fa8) thrown at [C:\re\workspace\8-2-build-windows-amd64-cygwin\jdk8u91\7017\hotspot\src\share\vm\prims\j

Events (10 events):
Event: 1.831 loading class com/android/dx/cf/attrib/AttSignature
Event: 1.831 loading class com/android/dx/cf/attrib/AttSignature done
Event: 1.832 loading class com/android/dx/cf/attrib/AttEnclosingMethod
Event: 1.832 loading class com/android/dx/cf/attrib/AttEnclosingMethod done
Event: 1.908 Thread 0x0000000001ea8000 Uncommon trap: trap_request=0xffffff65 fr.pc=0x00000000027a48ec
Event: 1.908 Thread 0x0000000001ea8000 DEOPT PACKING pc=0x00000000027a48ec sp=0x00000000022fe800
Event: 1.908 Thread 0x0000000001ea8000 DEOPT UNPACKING pc=0x000000000261582a sp=0x00000000022fe778 mode 2
Event: 1.910 Thread 0x0000000001ea8000 Uncommon trap: trap_request=0xffffff65 fr.pc=0x00000000027c4220
Event: 1.910 Thread 0x0000000001ea8000 DEOPT PACKING pc=0x00000000027c4220 sp=0x00000000022feb80
Event: 1.910 Thread 0x0000000001ea8000 DEOPT UNPACKING pc=0x000000000261582a sp=0x00000000022feb18 mode 2


Dynamic libraries:
0x000000013fd10000 - 0x000000013fd47000 	C:\Program Files\Java\jdk1.8.0_91\bin\java.exe
0x00000000772a0000 - 0x0000000077449000 	C:\Windows\SYSTEM32\ntdll.dll
0x0000000077080000 - 0x000000007719f000 	C:\Windows\system32\kernel32.dll
0x000007fefd360000 - 0x000007fefd3cb000 	C:\Windows\system32\KERNELBASE.dll
0x000007feff2a0000 - 0x000007feff37b000 	C:\Windows\system32\ADVAPI32.dll
0x000007fefedc0000 - 0x000007fefee5f000 	C:\Windows\system32\msvcrt.dll
0x000007feff380000 - 0x000007feff39f000 	C:\Windows\SYSTEM32\sechost.dll
0x000007fefdc60000 - 0x000007fefdd8d000 	C:\Windows\system32\RPCRT4.dll
0x00000000771a0000 - 0x000000007729a000 	C:\Windows\system32\USER32.dll
0x000007fefebe0000 - 0x000007fefec47000 	C:\Windows\system32\GDI32.dll
0x000007fefd560000 - 0x000007fefd56e000 	C:\Windows\system32\LPK.dll
0x000007fefd490000 - 0x000007fefd559000 	C:\Windows\system32\USP10.dll
0x000007fefc110000 - 0x000007fefc304000 	C:\Windows\WinSxS\amd64_microsoft.windows.common-controls_6595b64144ccf1df_6.0.7601.17514_none_fa396087175ac9ac\COMCTL32.dll
0x000007fefd410000 - 0x000007fefd481000 	C:\Windows\system32\SHLWAPI.dll
0x000007fefd7f0000 - 0x000007fefd81e000 	C:\Windows\system32\IMM32.DLL
0x000007fefdb50000 - 0x000007fefdc59000 	C:\Windows\system32\MSCTF.dll
0x000000005fdf0000 - 0x000000005fec2000 	C:\Program Files\Java\jdk1.8.0_91\jre\bin\msvcr100.dll
0x0000000060300000 - 0x0000000060b93000 	C:\Program Files\Java\jdk1.8.0_91\jre\bin\server\jvm.dll
0x000007fef98c0000 - 0x000007fef98c9000 	C:\Windows\system32\WSOCK32.dll
0x000007fefee60000 - 0x000007fefeead000 	C:\Windows\system32\WS2_32.dll
0x000007fefec50000 - 0x000007fefec58000 	C:\Windows\system32\NSI.dll
0x000007fefaf40000 - 0x000007fefaf7b000 	C:\Windows\system32\WINMM.dll
0x000007fefbde0000 - 0x000007fefbdec000 	C:\Windows\system32\VERSION.dll
0x0000000077460000 - 0x0000000077467000 	C:\Windows\system32\PSAPI.DLL
0x0000000073b50000 - 0x0000000073b5f000 	C:\Program Files\Java\jdk1.8.0_91\jre\bin\verify.dll
0x000000006e6e0000 - 0x000000006e709000 	C:\Program Files\Java\jdk1.8.0_91\jre\bin\java.dll
0x0000000073ae0000 - 0x0000000073af6000 	C:\Program Files\Java\jdk1.8.0_91\jre\bin\zip.dll
0x000007fefdd90000 - 0x000007fefeb18000 	C:\Windows\system32\SHELL32.dll
0x000007feff3a0000 - 0x000007feff5a3000 	C:\Windows\system32\ole32.dll
0x000007fefd060000 - 0x000007fefd06f000 	C:\Windows\system32\profapi.dll

VM Arguments:
jvm_args: -Djava.awt.headless=true -Xmx1024M -Dfile.encoding=windows-1256 -Duser.country=US -Duser.language=en -Duser.variant 
java_command: com.android.dx.command.Main --dex --force-jumbo --output E:\User\AndroidStudioProjects\Movie-poster\app\build\intermediates\pre-dexed\debug\com.android.support-support-v4-21.0.3_d51487bed93c2a202676532ad3e39bd22c4e1002.jar E:\User\AndroidStudioProjects\Movie-poster\app\build\intermediates\exploded-aar\com.android.support\support-v4\21.0.3\jars\classes.jar
java_class_path (initial): E:\User\AppData\Local\Android\sdk\build-tools\21.1.2\lib\dx.jar
Launcher Type: SUN_STANDARD

Environment Variables:
PATH=C:\oracle\product\10.2.0\db_2\bin;C:\oracle\product\10.2.0\db_1\bin;C:\ProgramData\Oracle\Java\javapath;C:\Windows\System32;C:\Windows\SysWOW64;C:\opencv248\build\x86\vc10\bin;C:\Python27;C:\Program Files (x86)\CodeBlocks\MinGW\bin;E:\programs\Matlab\R2013a\bin;C:\Program Files\IVI Foundation\VISA\Win64\Bin\;C:\Program Files (x86)\IVI Foundation\VISA\WinNT\Bin\;C:\Program Files (x86)\IVI Foundation\VISA\WinNT\Bin;C:\Program Files (x86)\Tesseract-OCR;E:\User\AppData\Local\Android\sdk\tools\lib;E:\Program Files\Git\cmd;E:\User\AppData\Local\Android\sdk\platform-tools;C:\Program Files\Canopy\User;C:\Program Files\Canopy\User\Scripts
USERNAME=user
OS=Windows_NT
PROCESSOR_IDENTIFIER=Intel64 Family 6 Model 58 Stepping 9, GenuineIntel



---------------  S Y S T E M  ---------------

OS: Windows 7 , 64 bit Build 7601 (6.1.7601.18015)

CPU:total 4 (2 cores per cpu, 2 threads per core) family 6 model 58 stepping 9, cmov, cx8, fxsr, mmx, sse, sse2, sse3, ssse3, sse4.1, sse4.2, popcnt, avx, aes, clmul, erms, ht, tsc, tscinvbit, tscinv

Memory: 4k page, physical 4094316k(188760k free), swap 5628452k(5144k free)

vm_info: Java HotSpot(TM) 64-Bit Server VM (25.91-b15) for windows-amd64 JRE (1.8.0_91-b15), built on May 20 2016 17:43:15 by "java_re" with MS VC++ 10.0 (VS2010)

time: Mon Oct 03 05:00:30 2016
elapsed time: 1 seconds (0d 0h 0m 1s)

