#
# There is insufficient memory for the Java Runtime Environment to continue.
# Native memory allocation (malloc) failed to allocate 78256 bytes for Chunk::new
# Possible reasons:
#   The system is out of physical RAM or swap space
#   In 32 bit mode, the process size limit was hit
# Possible solutions:
#   Reduce memory load on the system
#   Increase physical memory or swap space
#   Check if swap backing store is full
#   Use 64 bit Java on a 64 bit OS
#   Decrease Java heap size (-Xmx/-Xms)
#   Decrease number of Java threads
#   Decrease Java thread stack sizes (-Xss)
#   Set larger code cache with -XX:ReservedCodeCacheSize=
# This output file may be truncated or incomplete.
#
#  Out of Memory Error (allocation.cpp:390), pid=5388, tid=6156
#
# JRE version: Java(TM) SE Runtime Environment (8.0_91-b15) (build 1.8.0_91-b15)
# Java VM: Java HotSpot(TM) 64-Bit Server VM (25.91-b15 mixed mode windows-amd64 compressed oops)
# Failed to write core dump. Minidumps are not enabled by default on client versions of Windows
#

---------------  T H R E A D  ---------------

Current thread (0x0000000056187800):  JavaThread "C2 CompilerThread0" daemon [_thread_in_native, id=6156, stack(0x0000000056810000,0x0000000056910000)]

Stack: [0x0000000056810000,0x0000000056910000]
[error occurred during error reporting (printing stack bounds), id 0xc0000005]

Native frames: (J=compiled Java code, j=interpreted, Vv=VM code, C=native code)


Current CompileTask:
C2:   6133 1887       4       java.util.HashMap::putVal (300 bytes)


---------------  P R O C E S S  ---------------

Java Threads: ( => current thread )
  0x00000000561fe000 JavaThread "Service Thread" daemon [_thread_blocked, id=6224, stack(0x0000000056980000,0x0000000056a80000)]
  0x0000000054d7d000 JavaThread "C1 CompilerThread2" daemon [_thread_blocked, id=6188, stack(0x0000000056b90000,0x0000000056c90000)]
  0x0000000054d7c000 JavaThread "C2 CompilerThread1" daemon [_thread_blocked, id=6180, stack(0x0000000056a80000,0x0000000056b80000)]
=>0x0000000056187800 JavaThread "C2 CompilerThread0" daemon [_thread_in_native, id=6156, stack(0x0000000056810000,0x0000000056910000)]
  0x0000000056182800 JavaThread "Attach Listener" daemon [_thread_blocked, id=6148, stack(0x0000000055f60000,0x0000000056060000)]
  0x0000000054d6d800 JavaThread "Signal Dispatcher" daemon [_thread_blocked, id=2896, stack(0x0000000056620000,0x0000000056720000)]
  0x0000000054d59800 JavaThread "Finalizer" daemon [_thread_blocked, id=1196, stack(0x0000000056080000,0x0000000056180000)]
  0x0000000054d12000 JavaThread "Reference Handler" daemon [_thread_blocked, id=5880, stack(0x0000000055e60000,0x0000000055f60000)]
  0x0000000001d38000 JavaThread "main" [_thread_in_native, id=2816, stack(0x0000000001f30000,0x0000000002030000)]

Other Threads:
  0x0000000054d0a800 VMThread [stack: 0x0000000055cc0000,0x0000000055dc0000] [id=5588]
  0x00000000561f2800 WatcherThread [stack: 0x0000000056e40000,0x0000000056f40000] [id=6240]

VM state:not at safepoint (normal execution)

VM Mutex/Monitor currently owned by a thread: None

Heap:
 PSYoungGen      total 18944K, used 18889K [0x00000000eab00000, 0x00000000ed000000, 0x0000000100000000)
  eden space 16384K, 99% used [0x00000000eab00000,0x00000000ebaf6108,0x00000000ebb00000)
  from space 2560K, 99% used [0x00000000ebb00000,0x00000000ebd7c300,0x00000000ebd80000)
  to   space 2560K, 0% used [0x00000000ecd80000,0x00000000ecd80000,0x00000000ed000000)
 ParOldGen       total 44032K, used 6767K [0x00000000c0000000, 0x00000000c2b00000, 0x00000000eab00000)
  object space 44032K, 15% used [0x00000000c0000000,0x00000000c069bc48,0x00000000c2b00000)
 Metaspace       used 6537K, capacity 7410K, committed 7552K, reserved 1056768K
  class space    used 616K, capacity 618K, committed 640K, reserved 1048576K

Card table byte_map: [0x0000000011750000,0x0000000011960000] byte_map_base: 0x0000000011150000

Marking Bits: (ParMarkBitMap*) 0x0000000068322f70
 Begin Bits: [0x0000000012180000, 0x0000000013180000)
 End Bits:   [0x0000000013180000, 0x0000000014180000)

Polling page: 0x0000000000310000

CodeCache: size=245760Kb used=7467Kb max_used=7480Kb free=238292Kb
 bounds [0x0000000002390000, 0x0000000002af0000, 0x0000000011390000]
 total_blobs=2145 nmethods=1875 adapters=183
 compilation: enabled

Compilation events (10 events):
Event: 6.055 Thread 0x0000000054d7c000 1886       4       java.util.HashMap::put (13 bytes)
Event: 6.055 Thread 0x0000000056187800 1887       4       java.util.HashMap::putVal (300 bytes)
Event: 6.055 Thread 0x0000000054d7d000 1888       1       java.util.LinkedHashMap::removeEldestEntry (2 bytes)
Event: 6.055 Thread 0x0000000054d7d000 nmethod 1888 0x0000000002acf210 code [0x0000000002acf360, 0x0000000002acf470]
Event: 6.061 Thread 0x0000000054d7d000 1891       3       java.lang.Integer::reverseBytes (26 bytes)
Event: 6.104 Thread 0x0000000054d7d000 nmethod 1891 0x0000000002acca10 code [0x0000000002accb60, 0x0000000002acccb0]
Event: 6.104 Thread 0x0000000054d7d000 1892       2       sun.security.provider.SHA::implCompress (491 bytes)
Event: 6.105 Thread 0x0000000054d7d000 nmethod 1892 0x0000000002acb890 code [0x0000000002acba60, 0x0000000002acc1c8]
Event: 6.105 Thread 0x0000000054d7d000 1893       3       sun.security.provider.ByteArrayAccess::b2iBig64 (614 bytes)
Event: 6.106 Thread 0x0000000054d7d000 nmethod 1893 0x0000000002aca250 code [0x0000000002aca460, 0x0000000002acb228]

GC Heap History (6 events):
Event: 3.164 GC heap before
{Heap before GC invocations=1 (full 0):
 PSYoungGen      total 18944K, used 16384K [0x00000000eab00000, 0x00000000ec000000, 0x0000000100000000)
  eden space 16384K, 100% used [0x00000000eab00000,0x00000000ebb00000,0x00000000ebb00000)
  from space 2560K, 0% used [0x00000000ebd80000,0x00000000ebd80000,0x00000000ec000000)
  to   space 2560K, 0% used [0x00000000ebb00000,0x00000000ebb00000,0x00000000ebd80000)
 ParOldGen       total 44032K, used 0K [0x00000000c0000000, 0x00000000c2b00000, 0x00000000eab00000)
  object space 44032K, 0% used [0x00000000c0000000,0x00000000c0000000,0x00000000c2b00000)
 Metaspace       used 5536K, capacity 6768K, committed 7040K, reserved 1056768K
  class space    used 562K, capacity 616K, committed 640K, reserved 1048576K
Event: 3.175 GC heap after
Heap after GC invocations=1 (full 0):
 PSYoungGen      total 18944K, used 2551K [0x00000000eab00000, 0x00000000ec000000, 0x0000000100000000)
  eden space 16384K, 0% used [0x00000000eab00000,0x00000000eab00000,0x00000000ebb00000)
  from space 2560K, 99% used [0x00000000ebb00000,0x00000000ebd7dc78,0x00000000ebd80000)
  to   space 2560K, 0% used [0x00000000ebd80000,0x00000000ebd80000,0x00000000ec000000)
 ParOldGen       total 44032K, used 1633K [0x00000000c0000000, 0x00000000c2b00000, 0x00000000eab00000)
  object space 44032K, 3% used [0x00000000c0000000,0x00000000c01984b8,0x00000000c2b00000)
 Metaspace       used 5536K, capacity 6768K, committed 7040K, reserved 1056768K
  class space    used 562K, capacity 616K, committed 640K, reserved 1048576K
}
Event: 3.718 GC heap before
{Heap before GC invocations=2 (full 0):
 PSYoungGen      total 18944K, used 18935K [0x00000000eab00000, 0x00000000ec000000, 0x0000000100000000)
  eden space 16384K, 100% used [0x00000000eab00000,0x00000000ebb00000,0x00000000ebb00000)
  from space 2560K, 99% used [0x00000000ebb00000,0x00000000ebd7dc78,0x00000000ebd80000)
  to   space 2560K, 0% used [0x00000000ebd80000,0x00000000ebd80000,0x00000000ec000000)
 ParOldGen       total 44032K, used 1633K [0x00000000c0000000, 0x00000000c2b00000, 0x00000000eab00000)
  object space 44032K, 3% used [0x00000000c0000000,0x00000000c01984b8,0x00000000c2b00000)
 Metaspace       used 5736K, capacity 6896K, committed 7040K, reserved 1056768K
  class space    used 563K, capacity 616K, committed 640K, reserved 1048576K
Event: 3.781 GC heap after
Heap after GC invocations=2 (full 0):
 PSYoungGen      total 18944K, used 2535K [0x00000000eab00000, 0x00000000ed000000, 0x0000000100000000)
  eden space 16384K, 0% used [0x00000000eab00000,0x00000000eab00000,0x00000000ebb00000)
  from space 2560K, 99% used [0x00000000ebd80000,0x00000000ebff9c98,0x00000000ec000000)
  to   space 2560K, 0% used [0x00000000ebb00000,0x00000000ebb00000,0x00000000ebd80000)
 ParOldGen       total 44032K, used 4205K [0x00000000c0000000, 0x00000000c2b00000, 0x00000000eab00000)
  object space 44032K, 9% used [0x00000000c0000000,0x00000000c041b7a0,0x00000000c2b00000)
 Metaspace       used 5736K, capacity 6896K, committed 7040K, reserved 1056768K
  class space    used 563K, capacity 616K, committed 640K, reserved 1048576K
}
Event: 4.160 GC heap before
{Heap before GC invocations=3 (full 0):
 PSYoungGen      total 18944K, used 18919K [0x00000000eab00000, 0x00000000ed000000, 0x0000000100000000)
  eden space 16384K, 100% used [0x00000000eab00000,0x00000000ebb00000,0x00000000ebb00000)
  from space 2560K, 99% used [0x00000000ebd80000,0x00000000ebff9c98,0x00000000ec000000)
  to   space 2560K, 0% used [0x00000000ebb00000,0x00000000ebb00000,0x00000000ebd80000)
 ParOldGen       total 44032K, used 4205K [0x00000000c0000000, 0x00000000c2b00000, 0x00000000eab00000)
  object space 44032K, 9% used [0x00000000c0000000,0x00000000c041b7a0,0x00000000c2b00000)
 Metaspace       used 5856K, capacity 7024K, committed 7296K, reserved 1056768K
  class space    used 563K, capacity 616K, committed 640K, reserved 1048576K
Event: 4.192 GC heap after
Heap after GC invocations=3 (full 0):
 PSYoungGen      total 18944K, used 2544K [0x00000000eab00000, 0x00000000ed000000, 0x0000000100000000)
  eden space 16384K, 0% used [0x00000000eab00000,0x00000000eab00000,0x00000000ebb00000)
  from space 2560K, 99% used [0x00000000ebb00000,0x00000000ebd7c300,0x00000000ebd80000)
  to   space 2560K, 0% used [0x00000000ecd80000,0x00000000ecd80000,0x00000000ed000000)
 ParOldGen       total 44032K, used 6767K [0x00000000c0000000, 0x00000000c2b00000, 0x00000000eab00000)
  object space 44032K, 15% used [0x00000000c0000000,0x00000000c069bc48,0x00000000c2b00000)
 Metaspace       used 5856K, capacity 7024K, committed 7296K, reserved 1056768K
  class space    used 563K, capacity 616K, committed 640K, reserved 1048576K
}

Deoptimization events (10 events):
Event: 4.651 Thread 0x0000000001d38000 Uncommon trap: reason=speculate_class_check action=maybe_recompile pc=0x0000000002705250 method=com.android.dx.util.FixedSizeList.equals(Ljava/lang/Object;)Z @ 25
Event: 4.651 Thread 0x0000000001d38000 Uncommon trap: reason=speculate_class_check action=maybe_recompile pc=0x0000000002705250 method=com.android.dx.util.FixedSizeList.equals(Ljava/lang/Object;)Z @ 25
Event: 4.816 Thread 0x0000000001d38000 Uncommon trap: reason=unstable_if action=reinterpret pc=0x0000000002a7c434 method=com.android.dx.util.ByteArrayAnnotatedOutput.writeByte(I)V @ 13
Event: 5.483 Thread 0x0000000001d38000 Uncommon trap: reason=unstable_if action=reinterpret pc=0x000000000271ae6c method=java.util.Arrays.copyOf([Ljava/lang/Object;ILjava/lang/Class;)[Ljava/lang/Object; @ 3
Event: 5.977 Thread 0x0000000001d38000 Uncommon trap: reason=speculate_class_check action=maybe_recompile pc=0x00000000029b09c4 method=java.util.HashMap.putVal(ILjava/lang/Object;Ljava/lang/Object;ZZ)Ljava/lang/Object; @ 56
Event: 5.978 Thread 0x0000000001d38000 Uncommon trap: reason=speculate_class_check action=maybe_recompile pc=0x00000000029b0a30 method=java.util.HashMap.putVal(ILjava/lang/Object;Ljava/lang/Object;ZZ)Ljava/lang/Object; @ 152
Event: 5.978 Thread 0x0000000001d38000 Uncommon trap: reason=speculate_class_check action=maybe_recompile pc=0x00000000029b09c4 method=java.util.HashMap.putVal(ILjava/lang/Object;Ljava/lang/Object;ZZ)Ljava/lang/Object; @ 56
Event: 5.978 Thread 0x0000000001d38000 Uncommon trap: reason=speculate_class_check action=maybe_recompile pc=0x00000000029b09c4 method=java.util.HashMap.putVal(ILjava/lang/Object;Ljava/lang/Object;ZZ)Ljava/lang/Object; @ 56
Event: 5.978 Thread 0x0000000001d38000 Uncommon trap: reason=class_check action=maybe_recompile pc=0x00000000029aeab8 method=java.util.HashMap.putVal(ILjava/lang/Object;Ljava/lang/Object;ZZ)Ljava/lang/Object; @ 56
Event: 5.978 Thread 0x0000000001d38000 Uncommon trap: reason=class_check action=maybe_recompile pc=0x00000000029aeab8 method=java.util.HashMap.putVal(ILjava/lang/Object;Ljava/lang/Object;ZZ)Ljava/lang/Object; @ 56

Internal exceptions (3 events):
Event: 0.346 Thread 0x0000000001d38000 Exception <a 'java/lang/NoSuchMethodError': Method sun.misc.Unsafe.defineClass(Ljava/lang/String;[BII)Ljava/lang/Class; name or signature does not match> (0x00000000eab07cc0) thrown at [C:\re\workspace\8-2-build-windows-amd64-cygwin\jdk8u91\7017\hotspot\srÍæ»ÒÎ%Ö?
Event: 0.346 Thread 0x0000000001d38000 Exception <a 'java/lang/NoSuchMethodError': Method sun.misc.Unsafe.prefetchRead(Ljava/lang/Object;J)V name or signature does not match> (0x00000000eab07fa8) thrown at [C:\re\workspace\8-2-build-windows-amd64-cygwin\jdk8u91\7017\hotspot\src\share\vm\prims\jà®C}+Ï@
Event: 3.601 Thread 0x0000000001d38000 Implicit null exception at 0x00000000026f2e08 to 0x00000000026f43a9

Events (10 events):
Event: 6.057 loading class sun/security/provider/DigestBase
Event: 6.060 loading class sun/security/provider/DigestBase done
Event: 6.060 loading class sun/security/provider/SHA done
Event: 6.060 loading class sun/security/jca/GetInstance$Instance
Event: 6.060 loading class sun/security/jca/GetInstance$Instance done
Event: 6.060 loading class java/security/MessageDigest$Delegate
Event: 6.060 loading class java/security/MessageDigest$Delegate done
Event: 6.060 loading class sun/security/provider/ByteArrayAccess
Event: 6.060 loading class sun/security/provider/ByteArrayAccess done
Event: 6.106 loading class java/util/zip/Adler32


Dynamic libraries:
0x000000013f2e0000 - 0x000000013f317000 	C:\Program Files\Java\jdk1.8.0_91\bin\java.exe
0x0000000077a90000 - 0x0000000077c39000 	C:\Windows\SYSTEM32\ntdll.dll
0x0000000077970000 - 0x0000000077a8f000 	C:\Windows\system32\kernel32.dll
0x000007fefdb90000 - 0x000007fefdbfb000 	C:\Windows\system32\KERNELBASE.dll
0x000007fefdd20000 - 0x000007fefddfb000 	C:\Windows\system32\ADVAPI32.dll
0x000007fefdfb0000 - 0x000007fefe04f000 	C:\Windows\system32\msvcrt.dll
0x000007feffb70000 - 0x000007feffb8f000 	C:\Windows\SYSTEM32\sechost.dll
0x000007feffa40000 - 0x000007feffb6d000 	C:\Windows\system32\RPCRT4.dll
0x0000000077870000 - 0x000000007796a000 	C:\Windows\system32\USER32.dll
0x000007fefdc00000 - 0x000007fefdc67000 	C:\Windows\system32\GDI32.dll
0x000007fefdc70000 - 0x000007fefdc7e000 	C:\Windows\system32\LPK.dll
0x000007feff2e0000 - 0x000007feff3a9000 	C:\Windows\system32\USP10.dll
0x000007fefc900000 - 0x000007fefcaf4000 	C:\Windows\WinSxS\amd64_microsoft.windows.common-controls_6595b64144ccf1df_6.0.7601.17514_none_fa396087175ac9ac\COMCTL32.dll
0x000007feff3b0000 - 0x000007feff421000 	C:\Windows\system32\SHLWAPI.dll
0x000007feff290000 - 0x000007feff2be000 	C:\Windows\system32\IMM32.DLL
0x000007fefdea0000 - 0x000007fefdfa9000 	C:\Windows\system32\MSCTF.dll
0x000000006ae00000 - 0x000000006aed2000 	C:\Program Files\Java\jdk1.8.0_91\jre\bin\msvcr100.dll
0x0000000067b10000 - 0x00000000683a3000 	C:\Program Files\Java\jdk1.8.0_91\jre\bin\server\jvm.dll
0x000007fef53d0000 - 0x000007fef53d9000 	C:\Windows\system32\WSOCK32.dll
0x000007feff9f0000 - 0x000007feffa3d000 	C:\Windows\system32\WS2_32.dll
0x000007feff710000 - 0x000007feff718000 	C:\Windows\system32\NSI.dll
0x000007fefb190000 - 0x000007fefb1cb000 	C:\Windows\system32\WINMM.dll
0x000007fefc570000 - 0x000007fefc57c000 	C:\Windows\system32\VERSION.dll
0x0000000077c50000 - 0x0000000077c57000 	C:\Windows\system32\PSAPI.DLL
0x0000000075400000 - 0x000000007540f000 	C:\Program Files\Java\jdk1.8.0_91\jre\bin\verify.dll
0x0000000074830000 - 0x0000000074859000 	C:\Program Files\Java\jdk1.8.0_91\jre\bin\java.dll
0x0000000074810000 - 0x0000000074826000 	C:\Program Files\Java\jdk1.8.0_91\jre\bin\zip.dll
0x000007fefe320000 - 0x000007feff0a8000 	C:\Windows\system32\SHELL32.dll
0x000007feffb90000 - 0x000007feffd93000 	C:\Windows\system32\ole32.dll
0x000007fefd840000 - 0x000007fefd84f000 	C:\Windows\system32\profapi.dll

VM Arguments:
jvm_args: -Djava.awt.headless=true -Xmx1024M -Dfile.encoding=windows-1256 -Duser.country=US -Duser.language=en -Duser.variant 
java_command: com.android.dx.command.Main --dex --output E:\User\AndroidStudioProjects\Movie-poster\app\build\intermediates\pre-dexed\debug\picasso-2.5.2_a69735fb31405abb6c5b972e1b2bb4f918f620e8.jar C:\Users\user\.gradle\caches\modules-2\files-2.1\com.squareup.picasso\picasso\2.5.2\7446d06ec8d4f7ffcc53f1da37c95f200dcb9387\picasso-2.5.2.jar
java_class_path (initial): E:\User\AppData\Local\Android\sdk\build-tools\21.1.2\lib\dx.jar
Launcher Type: SUN_STANDARD

Environment Variables:
PATH=C:\oracle\product\10.2.0\db_2\bin;C:\oracle\product\10.2.0\db_1\bin;C:\ProgramData\Oracle\Java\javapath;C:\Windows\System32;C:\Windows\SysWOW64;C:\opencv248\build\x86\vc10\bin;C:\Python27;C:\Program Files (x86)\CodeBlocks\MinGW\bin;E:\programs\Matlab\R2013a\bin;C:\Program Files\IVI Foundation\VISA\Win64\Bin\;C:\Program Files (x86)\IVI Foundation\VISA\WinNT\Bin\;C:\Program Files (x86)\IVI Foundation\VISA\WinNT\Bin;C:\Program Files (x86)\Tesseract-OCR;E:\User\AppData\Local\Android\sdk\tools\lib;E:\Program Files\Git\cmd;E:\User\AppData\Local\Android\sdk\platform-tools;C:\Program Files\Canopy\User;C:\Program Files\Canopy\User\Scripts
USERNAME=user
OS=Windows_NT
PROCESSOR_IDENTIFIER=Intel64 Family 6 Model 58 Stepping 9, GenuineIntel



---------------  S Y S T E M  ---------------

OS: Windows 7 , 64 bit Build 7601 (6.1.7601.18015)

CPU:total 4 (2 cores per cpu, 2 threads per core) family 6 model 58 stepping 9, cmov, cx8, fxsr, mmx, sse, sse2, sse3, ssse3, sse4.1, sse4.2, popcnt, avx, aes, clmul, erms, ht, tsc, tscinvbit, tscinv

Memory: 4k page, physical 4094316k(224268k free), swap 5312448k(20424k free)

vm_info: Java HotSpot(TM) 64-Bit Server VM (25.91-b15) for windows-amd64 JRE (1.8.0_91-b15), built on May 20 2016 17:43:15 by "java_re" with MS VC++ 10.0 (VS2010)

time: Mon Oct 03 18:15:27 2016
elapsed time: 6 seconds (0d 0h 0m 6s)

