#
# There is insufficient memory for the Java Runtime Environment to continue.
# Native memory allocation (malloc) failed to allocate 1850096 bytes for Chunk::new
# Possible reasons:
#   The system is out of physical RAM or swap space
#   In 32 bit mode, the process size limit was hit
# Possible solutions:
#   Reduce memory load on the system
#   Increase physical memory or swap space
#   Check if swap backing store is full
#   Use 64 bit Java on a 64 bit OS
#   Decrease Java heap size (-Xmx/-Xms)
#   Decrease number of Java threads
#   Decrease Java thread stack sizes (-Xss)
#   Set larger code cache with -XX:ReservedCodeCacheSize=
# This output file may be truncated or incomplete.
#
#  Out of Memory Error (allocation.cpp:390), pid=5732, tid=6204
#
# JRE version: Java(TM) SE Runtime Environment (8.0_91-b15) (build 1.8.0_91-b15)
# Java VM: Java HotSpot(TM) 64-Bit Server VM (25.91-b15 mixed mode windows-amd64 compressed oops)
# Failed to write core dump. Minidumps are not enabled by default on client versions of Windows
#

---------------  T H R E A D  ---------------

Current thread (0x00000000561f3000):  JavaThread "C2 CompilerThread1" daemon [_thread_in_native, id=6204, stack(0x0000000055d80000,0x0000000055e80000)]

Stack: [0x0000000055d80000,0x0000000055e80000]
[error occurred during error reporting (printing stack bounds), id 0xc0000005]

Native frames: (J=compiled Java code, j=interpreted, Vv=VM code, C=native code)


Current CompileTask:
C2:   5948 1319   !   4       com.android.dx.cf.cst.ConstantPoolParser::parse0 (731 bytes)


---------------  P R O C E S S  ---------------

Java Threads: ( => current thread )
  0x00000000561f9800 JavaThread "Service Thread" daemon [_thread_blocked, id=6220, stack(0x0000000056ce0000,0x0000000056de0000)]
  0x00000000561f3800 JavaThread "C1 CompilerThread2" daemon [_thread_blocked, id=6208, stack(0x0000000056b20000,0x0000000056c20000)]
=>0x00000000561f3000 JavaThread "C2 CompilerThread1" daemon [_thread_in_native, id=6204, stack(0x0000000055d80000,0x0000000055e80000)]
  0x0000000056194800 JavaThread "C2 CompilerThread0" daemon [_thread_in_native, id=6192, stack(0x00000000569d0000,0x0000000056ad0000)]
  0x0000000054dbe000 JavaThread "Attach Listener" daemon [_thread_blocked, id=6160, stack(0x00000000567a0000,0x00000000568a0000)]
  0x0000000054dcf000 JavaThread "Signal Dispatcher" daemon [_thread_blocked, id=5656, stack(0x00000000565f0000,0x00000000566f0000)]
  0x0000000054da9800 JavaThread "Finalizer" daemon [_thread_blocked, id=4532, stack(0x0000000055f80000,0x0000000056080000)]
  0x0000000054d62000 JavaThread "Reference Handler" daemon [_thread_blocked, id=4904, stack(0x0000000056090000,0x0000000056190000)]
  0x0000000001e38000 JavaThread "main" [_thread_blocked, id=4228, stack(0x00000000021f0000,0x00000000022f0000)]

Other Threads:
  0x0000000054d5a800 VMThread [stack: 0x0000000055e80000,0x0000000055f80000] [id=4192]
  0x000000005625b000 WatcherThread [stack: 0x0000000056ee0000,0x0000000056fe0000] [id=6248]

VM state:at safepoint (normal execution)

VM Mutex/Monitor currently owned by a thread:  ([mutex/lock_event])
[0x000000000016c930] Threads_lock - owner thread: 0x0000000054d5a800
[0x000000000016ce30] Heap_lock - owner thread: 0x0000000001e38000

Heap:
 PSYoungGen      total 18944K, used 18912K [0x00000000eab00000, 0x00000000ec000000, 0x0000000100000000)
  eden space 16384K, 100% used [0x00000000eab00000,0x00000000ebb00000,0x00000000ebb00000)
  from space 2560K, 98% used [0x00000000ebd80000,0x00000000ebff8028,0x00000000ec000000)
  to   space 2560K, 0% used [0x00000000ebb00000,0x00000000ebb00000,0x00000000ebd80000)
 ParOldGen       total 44032K, used 4177K [0x00000000c0000000, 0x00000000c2b00000, 0x00000000eab00000)
  object space 44032K, 9% used [0x00000000c0000000,0x00000000c04146c0,0x00000000c2b00000)
 Metaspace       used 5864K, capacity 7024K, committed 7296K, reserved 1056768K
  class space    used 560K, capacity 616K, committed 640K, reserved 1048576K

Card table byte_map: [0x0000000011980000,0x0000000011b90000] byte_map_base: 0x0000000011380000

Marking Bits: (ParMarkBitMap*) 0x0000000068322f70
 Begin Bits: [0x00000000121d0000, 0x00000000131d0000)
 End Bits:   [0x00000000131d0000, 0x00000000141d0000)

Polling page: 0x0000000000110000

CodeCache: size=245760Kb used=6180Kb max_used=6180Kb free=239579Kb
 bounds [0x00000000025c0000, 0x0000000002bd0000, 0x00000000115c0000]
 total_blobs=1736 nmethods=1473 adapters=176
 compilation: enabled

Compilation events (10 events):
Event: 5.561 Thread 0x00000000561f3800 1395       3       com.android.dx.cf.code.Ropper$CatchInfo::getSetup (53 bytes)
Event: 5.562 Thread 0x00000000561f3800 nmethod 1395 0x0000000002b5fcd0 code [0x0000000002b5fea0, 0x0000000002b60588]
Event: 5.563 Thread 0x00000000561f3800 1396       1       com.android.dx.rop.code.ThrowingInsn::getCatches (5 bytes)
Event: 5.564 Thread 0x00000000561f3800 nmethod 1396 0x0000000002b608d0 code [0x0000000002b60a20, 0x0000000002b60b30]
Event: 5.564 Thread 0x00000000561f3800 1397   !   3       com.android.dx.cf.code.Merger::mergeStack (192 bytes)
Event: 5.566 Thread 0x00000000561f3800 nmethod 1397 0x0000000002b60b90 code [0x0000000002b60f20, 0x0000000002b62e98]
Event: 5.566 Thread 0x00000000561f3800 1398       3       com.android.dx.util.IntList::equals (82 bytes)
Event: 5.567 Thread 0x00000000561f3800 nmethod 1398 0x0000000002b64090 code [0x0000000002b64220, 0x0000000002b647d0]
Event: 5.568 Thread 0x00000000561f3800 1399       3       com.android.dx.ssa.back.IdenticalBlockCombiner::replaceSucc (83 bytes)
Event: 5.569 Thread 0x00000000561f3800 nmethod 1399 0x0000000002b649d0 code [0x0000000002b64bc0, 0x0000000002b658d8]

GC Heap History (4 events):
Event: 4.521 GC heap before
{Heap before GC invocations=1 (full 0):
 PSYoungGen      total 18944K, used 16384K [0x00000000eab00000, 0x00000000ec000000, 0x0000000100000000)
  eden space 16384K, 100% used [0x00000000eab00000,0x00000000ebb00000,0x00000000ebb00000)
  from space 2560K, 0% used [0x00000000ebd80000,0x00000000ebd80000,0x00000000ec000000)
  to   space 2560K, 0% used [0x00000000ebb00000,0x00000000ebb00000,0x00000000ebd80000)
 ParOldGen       total 44032K, used 0K [0x00000000c0000000, 0x00000000c2b00000, 0x00000000eab00000)
  object space 44032K, 0% used [0x00000000c0000000,0x00000000c0000000,0x00000000c2b00000)
 Metaspace       used 5572K, capacity 6832K, committed 7040K, reserved 1056768K
  class space    used 557K, capacity 616K, committed 640K, reserved 1048576K
Event: 4.692 GC heap after
Heap after GC invocations=1 (full 0):
 PSYoungGen      total 18944K, used 2551K [0x00000000eab00000, 0x00000000ec000000, 0x0000000100000000)
  eden space 16384K, 0% used [0x00000000eab00000,0x00000000eab00000,0x00000000ebb00000)
  from space 2560K, 99% used [0x00000000ebb00000,0x00000000ebd7dc98,0x00000000ebd80000)
  to   space 2560K, 0% used [0x00000000ebd80000,0x00000000ebd80000,0x00000000ec000000)
 ParOldGen       total 44032K, used 1637K [0x00000000c0000000, 0x00000000c2b00000, 0x00000000eab00000)
  object space 44032K, 3% used [0x00000000c0000000,0x00000000c0199760,0x00000000c2b00000)
 Metaspace       used 5572K, capacity 6832K, committed 7040K, reserved 1056768K
  class space    used 557K, capacity 616K, committed 640K, reserved 1048576K
}
Event: 5.304 GC heap before
{Heap before GC invocations=2 (full 0):
 PSYoungGen      total 18944K, used 18935K [0x00000000eab00000, 0x00000000ec000000, 0x0000000100000000)
  eden space 16384K, 100% used [0x00000000eab00000,0x00000000ebb00000,0x00000000ebb00000)
  from space 2560K, 99% used [0x00000000ebb00000,0x00000000ebd7dc98,0x00000000ebd80000)
  to   space 2560K, 0% used [0x00000000ebd80000,0x00000000ebd80000,0x00000000ec000000)
 ParOldGen       total 44032K, used 1637K [0x00000000c0000000, 0x00000000c2b00000, 0x00000000eab00000)
  object space 44032K, 3% used [0x00000000c0000000,0x00000000c0199760,0x00000000c2b00000)
 Metaspace       used 5743K, capacity 6960K, committed 7040K, reserved 1056768K
  class space    used 560K, capacity 616K, committed 640K, reserved 1048576K
Event: 5.323 GC heap after
Heap after GC invocations=2 (full 0):
 PSYoungGen      total 18944K, used 2528K [0x00000000eab00000, 0x00000000ec000000, 0x0000000100000000)
  eden space 16384K, 0% used [0x00000000eab00000,0x00000000eab00000,0x00000000ebb00000)
  from space 2560K, 98% used [0x00000000ebd80000,0x00000000ebff8028,0x00000000ec000000)
  to   space 2560K, 0% used [0x00000000ebb00000,0x00000000ebb00000,0x00000000ebd80000)
 ParOldGen       total 44032K, used 4177K [0x00000000c0000000, 0x00000000c2b00000, 0x00000000eab00000)
  object space 44032K, 9% used [0x00000000c0000000,0x00000000c04146c0,0x00000000c2b00000)
 Metaspace       used 5743K, capacity 6960K, committed 7040K, reserved 1056768K
  class space    used 560K, capacity 616K, committed 640K, reserved 1048576K
}

Deoptimization events (10 events):
Event: 3.905 Thread 0x0000000001e38000 Uncommon trap: reason=class_check action=maybe_recompile pc=0x000000000281a810 method=com.android.dx.rop.type.Type.equals(Ljava/lang/Object;)Z @ 8
Event: 3.907 Thread 0x0000000001e38000 Uncommon trap: reason=unstable_if action=reinterpret pc=0x00000000028097e4 method=java.util.BitSet.ensureCapacity(I)V @ 6
Event: 4.803 Thread 0x0000000001e38000 Uncommon trap: reason=unstable_if action=reinterpret pc=0x00000000029178dc method=com.android.dx.rop.code.LocalItem.hashCode()I @ 25
Event: 4.803 Thread 0x0000000001e38000 Uncommon trap: reason=unstable_if action=reinterpret pc=0x00000000028b9c1c method=com.android.dx.rop.code.LocalItem.hashCode()I @ 25
Event: 4.972 Thread 0x0000000001e38000 Uncommon trap: reason=unstable_if action=reinterpret pc=0x0000000002990c1c method=com.android.dx.rop.code.RegisterSpecSet.put(Lcom/android/dx/rop/code/RegisterSpec;)V @ 77
Event: 4.972 Thread 0x0000000001e38000 Uncommon trap: reason=unstable_if action=reinterpret pc=0x00000000029b7118 method=com.android.dx.rop.code.RegisterSpecSet.put(Lcom/android/dx/rop/code/RegisterSpec;)V @ 77
Event: 5.001 Thread 0x0000000001e38000 Uncommon trap: reason=unstable_if action=reinterpret pc=0x00000000029b8bc0 method=com.android.dx.ssa.SsaRenamer$BlockRenamer.addMapping(ILcom/android/dx/rop/code/RegisterSpec;)V @ 120
Event: 5.102 Thread 0x0000000001e38000 Uncommon trap: reason=class_check action=maybe_recompile pc=0x000000000281a810 method=com.android.dx.rop.type.Type.equals(Ljava/lang/Object;)Z @ 8
Event: 5.238 Thread 0x0000000001e38000 Uncommon trap: reason=unstable_if action=reinterpret pc=0x00000000028a2304 method=com.android.dx.rop.cst.Constant.compareTo(Lcom/android/dx/rop/cst/Constant;)I @ 12
Event: 5.244 Thread 0x0000000001e38000 Uncommon trap: reason=class_check action=maybe_recompile pc=0x000000000281a810 method=com.android.dx.rop.type.Type.equals(Ljava/lang/Object;)Z @ 8

Internal exceptions (2 events):
Event: 0.345 Thread 0x0000000001e38000 Exception <a 'java/lang/NoSuchMethodError': Method sun.misc.Unsafe.defineClass(Ljava/lang/String;[BII)Ljava/lang/Class; name or signature does not match> (0x00000000eab07cc0) thrown at [C:\re\workspace\8-2-build-windows-amd64-cygwin\jdk8u91\7017\hotspot\sr&Ù/€Ö?
Event: 0.345 Thread 0x0000000001e38000 Exception <a 'java/lang/NoSuchMethodError': Method sun.misc.Unsafe.prefetchRead(Ljava/lang/Object;J)V name or signature does not match> (0x00000000eab07fa8) thrown at [C:\re\workspace\8-2-build-windows-amd64-cygwin\jdk8u91\7017\hotspot\src\share\vm\prims\j

Events (10 events):
Event: 5.102 Thread 0x0000000001e38000 DEOPT PACKING pc=0x000000000281a810 sp=0x00000000022ed990
Event: 5.102 Thread 0x0000000001e38000 DEOPT UNPACKING pc=0x000000000260582a sp=0x00000000022ed718 mode 2
Event: 5.238 Thread 0x0000000001e38000 Uncommon trap: trap_request=0xffffff65 fr.pc=0x00000000028a2304
Event: 5.238 Thread 0x0000000001e38000 DEOPT PACKING pc=0x00000000028a2304 sp=0x00000000022ee360
Event: 5.238 Thread 0x0000000001e38000 DEOPT UNPACKING pc=0x000000000260582a sp=0x00000000022ee300 mode 2
Event: 5.244 Thread 0x0000000001e38000 Uncommon trap: trap_request=0xffffffde fr.pc=0x000000000281a810
Event: 5.244 Thread 0x0000000001e38000 DEOPT PACKING pc=0x000000000281a810 sp=0x00000000022ee630
Event: 5.244 Thread 0x0000000001e38000 DEOPT UNPACKING pc=0x000000000260582a sp=0x00000000022ee3b8 mode 2
Event: 5.304 Executing VM operation: ParallelGCFailedAllocation
Event: 5.323 Executing VM operation: ParallelGCFailedAllocation done


Dynamic libraries:
0x000000013f2e0000 - 0x000000013f317000 	C:\Program Files\Java\jdk1.8.0_91\bin\java.exe
0x0000000077a90000 - 0x0000000077c39000 	C:\Windows\SYSTEM32\ntdll.dll
0x0000000077970000 - 0x0000000077a8f000 	C:\Windows\system32\kernel32.dll
0x000007fefdb90000 - 0x000007fefdbfb000 	C:\Windows\system32\KERNELBASE.dll
0x000007fefdd20000 - 0x000007fefddfb000 	C:\Windows\system32\ADVAPI32.dll
0x000007fefdfb0000 - 0x000007fefe04f000 	C:\Windows\system32\msvcrt.dll
0x000007feffb70000 - 0x000007feffb8f000 	C:\Windows\SYSTEM32\sechost.dll
0x000007feffa40000 - 0x000007feffb6d000 	C:\Windows\system32\RPCRT4.dll
0x0000000077870000 - 0x000000007796a000 	C:\Windows\system32\USER32.dll
0x000007fefdc00000 - 0x000007fefdc67000 	C:\Windows\system32\GDI32.dll
0x000007fefdc70000 - 0x000007fefdc7e000 	C:\Windows\system32\LPK.dll
0x000007feff2e0000 - 0x000007feff3a9000 	C:\Windows\system32\USP10.dll
0x000007fefc900000 - 0x000007fefcaf4000 	C:\Windows\WinSxS\amd64_microsoft.windows.common-controls_6595b64144ccf1df_6.0.7601.17514_none_fa396087175ac9ac\COMCTL32.dll
0x000007feff3b0000 - 0x000007feff421000 	C:\Windows\system32\SHLWAPI.dll
0x000007feff290000 - 0x000007feff2be000 	C:\Windows\system32\IMM32.DLL
0x000007fefdea0000 - 0x000007fefdfa9000 	C:\Windows\system32\MSCTF.dll
0x000000006ae00000 - 0x000000006aed2000 	C:\Program Files\Java\jdk1.8.0_91\jre\bin\msvcr100.dll
0x0000000067b10000 - 0x00000000683a3000 	C:\Program Files\Java\jdk1.8.0_91\jre\bin\server\jvm.dll
0x000007fef53d0000 - 0x000007fef53d9000 	C:\Windows\system32\WSOCK32.dll
0x000007feff9f0000 - 0x000007feffa3d000 	C:\Windows\system32\WS2_32.dll
0x000007feff710000 - 0x000007feff718000 	C:\Windows\system32\NSI.dll
0x000007fefb190000 - 0x000007fefb1cb000 	C:\Windows\system32\WINMM.dll
0x000007fefc570000 - 0x000007fefc57c000 	C:\Windows\system32\VERSION.dll
0x0000000077c50000 - 0x0000000077c57000 	C:\Windows\system32\PSAPI.DLL
0x0000000075400000 - 0x000000007540f000 	C:\Program Files\Java\jdk1.8.0_91\jre\bin\verify.dll
0x0000000074830000 - 0x0000000074859000 	C:\Program Files\Java\jdk1.8.0_91\jre\bin\java.dll
0x0000000074810000 - 0x0000000074826000 	C:\Program Files\Java\jdk1.8.0_91\jre\bin\zip.dll
0x000007fefe320000 - 0x000007feff0a8000 	C:\Windows\system32\SHELL32.dll
0x000007feffb90000 - 0x000007feffd93000 	C:\Windows\system32\ole32.dll
0x000007fefd840000 - 0x000007fefd84f000 	C:\Windows\system32\profapi.dll

VM Arguments:
jvm_args: -Djava.awt.headless=true -Xmx1024M -Dfile.encoding=windows-1256 -Duser.country=US -Duser.language=en -Duser.variant 
java_command: com.android.dx.command.Main --dex --output E:\User\AndroidStudioProjects\Movie-poster\app\build\intermediates\pre-dexed\debug\internal_impl-21.0.3_32fec565ca17af845835dc9b9cb9194f6dc55eb8.jar E:\User\AndroidStudioProjects\Movie-poster\app\build\intermediates\exploded-aar\com.android.support\support-v4\21.0.3\jars\libs\internal_impl-21.0.3.jar
java_class_path (initial): E:\User\AppData\Local\Android\sdk\build-tools\21.1.2\lib\dx.jar
Launcher Type: SUN_STANDARD

Environment Variables:
PATH=C:\oracle\product\10.2.0\db_2\bin;C:\oracle\product\10.2.0\db_1\bin;C:\ProgramData\Oracle\Java\javapath;C:\Windows\System32;C:\Windows\SysWOW64;C:\opencv248\build\x86\vc10\bin;C:\Python27;C:\Program Files (x86)\CodeBlocks\MinGW\bin;E:\programs\Matlab\R2013a\bin;C:\Program Files\IVI Foundation\VISA\Win64\Bin\;C:\Program Files (x86)\IVI Foundation\VISA\WinNT\Bin\;C:\Program Files (x86)\IVI Foundation\VISA\WinNT\Bin;C:\Program Files (x86)\Tesseract-OCR;E:\User\AppData\Local\Android\sdk\tools\lib;E:\Program Files\Git\cmd;E:\User\AppData\Local\Android\sdk\platform-tools;C:\Program Files\Canopy\User;C:\Program Files\Canopy\User\Scripts
USERNAME=user
OS=Windows_NT
PROCESSOR_IDENTIFIER=Intel64 Family 6 Model 58 Stepping 9, GenuineIntel



---------------  S Y S T E M  ---------------

OS: Windows 7 , 64 bit Build 7601 (6.1.7601.18015)

CPU:total 4 (2 cores per cpu, 2 threads per core) family 6 model 58 stepping 9, cmov, cx8, fxsr, mmx, sse, sse2, sse3, ssse3, sse4.1, sse4.2, popcnt, avx, aes, clmul, erms, ht, tsc, tscinvbit, tscinv

Memory: 4k page, physical 4094316k(229416k free), swap 5296064k(22200k free)

vm_info: Java HotSpot(TM) 64-Bit Server VM (25.91-b15) for windows-amd64 JRE (1.8.0_91-b15), built on May 20 2016 17:43:15 by "java_re" with MS VC++ 10.0 (VS2010)

time: Mon Oct 03 18:15:27 2016
elapsed time: 6 seconds (0d 0h 0m 6s)

